2024-03-06 01:01:36,489 [ERROR] LogOutputStream:75 - [STDERR_REDIRECT] 
2024-03-06 09:17:26,765 [INFO] Activator:176 - 


2024-03-06 09:17:26,777 [INFO] Activator:177 - !SESSION log4j initialized
2024-03-06 09:18:00,248 [INFO] ApplicationProperties:184 - Using Application install path: E:\software\stm3214\STM32CubeIDE_1.14.1\STM32CubeIDE\plugins\com.st.stm32cube.common.mx_6.10.0.202311202037
2024-03-06 09:18:00,658 [INFO] DbMcusXml:78 - Set database path to: E:\software\stm3214\STM32CubeIDE_1.14.1\STM32CubeIDE\plugins\com.st.stm32cube.common.mx_6.10.0.202311202037\\db\/mcu/
2024-03-06 09:18:00,658 [INFO] ApiDb:274 - Set plugin database path to: E:\software\stm3214\STM32CubeIDE_1.14.1\STM32CubeIDE\plugins\com.st.stm32cube.common.mx_6.10.0.202311202037\\db\/plugins/boardmanager/
2024-03-06 09:18:00,662 [WARN] ApiDb:259 - Overriding images path with different value:  => E:\software\stm3214\STM32CubeIDE_1.14.1\STM32CubeIDE\plugins\com.st.stm32cube.common.mx_6.10.0.202311202037\\db\/plugins/mcufinder/images/
2024-03-06 09:18:01,068 [INFO] ApiDb:250 - Set database path to: C:\Users\hahuy\.stmcufinder\plugins\mcufinder//mcu/
2024-03-06 09:18:01,098 [INFO] DbMcusAds:125 - Set database path to: C:\Users\hahuy\.stmcufinder\plugins\mcufinder//mcu/
2024-03-06 09:18:01,821 [INFO] CrossReferenceDbSqlite:203 - Set database path to: C:\Users\hahuy\.stmcufinder\plugins\mcufinder//mcu/cs/
2024-03-06 09:18:03,099 [INFO] RulesReader:64 - Compatibility file has been processed (297 Rules)
2024-03-06 09:18:03,851 [INFO] LogOutputStream:77 - [STDOUT_REDIRECT] 
2024-03-06 09:18:05,613 [INFO] DbMcusXml:78 - Set database path to: E:\software\stm3214\STM32CubeIDE_1.14.1\STM32CubeIDE\plugins\com.st.stm32cube.common.mx_6.10.0.202311202037\\db\/mcu/
2024-03-06 09:18:05,613 [INFO] ApiDb:274 - Set plugin database path to: E:\software\stm3214\STM32CubeIDE_1.14.1\STM32CubeIDE\plugins\com.st.stm32cube.common.mx_6.10.0.202311202037\\db\/plugins/boardmanager/
2024-03-06 09:18:05,613 [INFO] ApiDb:261 - Set plugin images path to: E:\software\stm3214\STM32CubeIDE_1.14.1\STM32CubeIDE\plugins\com.st.stm32cube.common.mx_6.10.0.202311202037\\db\/plugins/mcufinder/images/
2024-03-06 09:18:05,613 [WARN] DbFile:41 - Overriding database path with different value: C:\Users\hahuy\.stmcufinder\plugins\mcufinder/ => C:\Users\hahuy\.stmcufinder\plugins\mcufinder
2024-03-06 09:18:05,613 [INFO] ApiDb:250 - Set database path to: C:\Users\hahuy\.stmcufinder\plugins\mcufinder//mcu/
2024-03-06 09:18:05,613 [WARN] DbFile:41 - Overriding database path with different value: C:\Users\hahuy\.stmcufinder\plugins\mcufinder/ => C:\Users\hahuy\.stmcufinder\plugins\mcufinder
2024-03-06 09:18:05,613 [INFO] DbMcusAds:125 - Set database path to: C:\Users\hahuy\.stmcufinder\plugins\mcufinder//mcu/
2024-03-06 09:18:05,613 [WARN] DbFile:41 - Overriding database path with different value: C:\Users\hahuy\.stmcufinder\plugins\mcufinder/ => C:\Users\hahuy\.stmcufinder\plugins\mcufinder
2024-03-06 09:18:05,614 [WARN] DbFile:41 - Overriding database path with different value: C:\Users\hahuy\.stmcufinder\plugins\mcufinder/ => C:\Users\hahuy\.stmcufinder\plugins\mcufinder
2024-03-06 09:18:06,325 [INFO] CrossReferenceDbSqlite:203 - Set database path to: C:\Users\hahuy\.stmcufinder\plugins\mcufinder//mcu/cs/
2024-03-06 09:18:08,157 [INFO] MainPanel:264 - HeapMemory: 268435456
2024-03-06 09:18:10,500 [INFO] DbMcusXml:78 - Set database path to: E:\software\stm3214\STM32CubeIDE_1.14.1\STM32CubeIDE\plugins\com.st.stm32cube.common.mx_6.10.0.202311202037\\db\/mcu/
2024-03-06 09:18:10,500 [INFO] ApiDb:274 - Set plugin database path to: E:\software\stm3214\STM32CubeIDE_1.14.1\STM32CubeIDE\plugins\com.st.stm32cube.common.mx_6.10.0.202311202037\\db\/plugins/boardmanager/
2024-03-06 09:18:10,500 [INFO] ApiDb:261 - Set plugin images path to: E:\software\stm3214\STM32CubeIDE_1.14.1\STM32CubeIDE\plugins\com.st.stm32cube.common.mx_6.10.0.202311202037\\db\/plugins/mcufinder/images/
2024-03-06 09:18:10,501 [WARN] DbFile:41 - Overriding database path with different value: C:\Users\hahuy\.stmcufinder\plugins\mcufinder/ => C:\Users\hahuy\.stmcufinder\plugins\mcufinder
2024-03-06 09:18:10,501 [INFO] ApiDb:250 - Set database path to: C:\Users\hahuy\.stmcufinder\plugins\mcufinder//mcu/
2024-03-06 09:18:10,501 [WARN] DbFile:41 - Overriding database path with different value: C:\Users\hahuy\.stmcufinder\plugins\mcufinder/ => C:\Users\hahuy\.stmcufinder\plugins\mcufinder
2024-03-06 09:18:10,502 [INFO] DbMcusAds:125 - Set database path to: C:\Users\hahuy\.stmcufinder\plugins\mcufinder//mcu/
2024-03-06 09:18:10,502 [WARN] DbFile:41 - Overriding database path with different value: C:\Users\hahuy\.stmcufinder\plugins\mcufinder/ => C:\Users\hahuy\.stmcufinder\plugins\mcufinder
2024-03-06 09:18:10,502 [WARN] DbFile:41 - Overriding database path with different value: C:\Users\hahuy\.stmcufinder\plugins\mcufinder/ => C:\Users\hahuy\.stmcufinder\plugins\mcufinder
2024-03-06 09:18:11,315 [INFO] CrossReferenceDbSqlite:203 - Set database path to: C:\Users\hahuy\.stmcufinder\plugins\mcufinder//mcu/cs/
2024-03-06 09:18:11,671 [INFO] ApplicationProperties:184 - Using Application install path: E:\software\stm3214\STM32CubeIDE_1.14.1\STM32CubeIDE\plugins\com.st.stm32cube.common.mx_6.10.0.202311202037
2024-03-06 09:18:11,715 [INFO] PluginManage:196 - Search for loadable plugins [exclusion list=, ]
2024-03-06 09:18:11,725 [INFO] PluginManage:310 - Check plugin analytics
2024-03-06 09:18:13,039 [INFO] AnalyticsPlugin:253 - Accepted Software Licenses: 
2024-03-06 09:18:13,040 [INFO] AnalyticsPlugin:255 - Accepted CMSIS Pack Licenses: 
2024-03-06 09:18:13,040 [INFO] AnalyticsPlugin:257 - Accepted Firmware Licenses: FW.F4.1.28.0
2024-03-06 09:18:13,042 [INFO] PluginManage:359 - Loaded plugin analytics (category:tool,tabindex:-1)
2024-03-06 09:18:13,043 [INFO] PluginManage:310 - Check plugin cadmodel
2024-03-06 09:18:13,183 [INFO] CADModel:105 - Init CAD model plugin
2024-03-06 09:18:13,184 [INFO] PluginManage:359 - Loaded plugin cadmodel (category:power,tabindex:5)
2024-03-06 09:18:13,184 [INFO] PluginManage:310 - Check plugin clock
2024-03-06 09:18:13,274 [INFO] PluginManage:359 - Loaded plugin clock (category:base,tabindex:2)
2024-03-06 09:18:13,275 [INFO] PluginManage:310 - Check plugin ddr
2024-03-06 09:18:13,302 [INFO] PluginManage:359 - Loaded plugin ddr (category:tool,tabindex:6)
2024-03-06 09:18:13,303 [INFO] PluginManage:310 - Check plugin filemanager
2024-03-06 09:18:14,411 [INFO] PluginManage:359 - Loaded plugin filemanager (category:base,tabindex:10)
2024-03-06 09:18:14,411 [INFO] PluginManage:310 - Check plugin ipmanager
2024-03-06 09:18:14,488 [INFO] PluginManage:359 - Loaded plugin ipmanager (category:base,tabindex:5)
2024-03-06 09:18:14,488 [INFO] PluginManage:310 - Check plugin lpbam
2024-03-06 09:18:14,533 [INFO] PluginManage:359 - Loaded plugin lpbam (category:base,tabindex:0)
2024-03-06 09:18:14,533 [INFO] PluginManage:310 - Check plugin memorymap
2024-03-06 09:18:14,747 [INFO] PluginManage:359 - Loaded plugin memorymap (category:base,tabindex:4)
2024-03-06 09:18:14,747 [INFO] PluginManage:310 - Check plugin pinoutandconfiguration
2024-03-06 09:18:14,775 [INFO] PluginManage:359 - Loaded plugin pinoutandconfiguration (category:base,tabindex:1)
2024-03-06 09:18:14,775 [INFO] PluginManage:310 - Check plugin pinoutconfig
2024-03-06 09:18:15,035 [WARN] SupportedApi:132 - Cannot load RTOS API schema: s4s-elt-must-match.1: The content of 'definitions' must match (annotation?, (simpleType | complexType)?, (unique | key | keyref)*)). A problem was found starting at: attribute.
2024-03-06 09:18:15,290 [INFO] PluginManage:359 - Loaded plugin pinoutconfig (category:base,tabindex:0)
2024-03-06 09:18:15,291 [INFO] PluginManage:310 - Check plugin power
2024-03-06 09:18:15,357 [INFO] PluginManage:359 - Loaded plugin power (category:power,tabindex:4)
2024-03-06 09:18:15,358 [INFO] PluginManage:310 - Check plugin projectmanager
2024-03-06 09:18:15,395 [INFO] PluginManage:359 - Loaded plugin projectmanager (category:projectmanager,tabindex:3)
2024-03-06 09:18:15,395 [INFO] PluginManage:310 - Check plugin thirdparty
2024-03-06 09:18:16,086 [WARN] IntegrityCheckThread:84 - waiting for thirdparty lock release [integrity check]
2024-03-06 09:18:16,086 [INFO] PluginManage:359 - Loaded plugin thirdparty (category:base,tabindex:-1)
2024-03-06 09:18:16,087 [INFO] PluginManage:310 - Check plugin tools
2024-03-06 09:18:16,087 [INFO] IntegrityCheckThread:86 - entering critical section [integrity check]
2024-03-06 09:18:16,088 [INFO] ThirdPartyUpdaterWithRetryManager:70 - Updater plugin not ready yet. [1/15]
2024-03-06 09:18:16,192 [INFO] PluginManage:359 - Loaded plugin tools (category:base,tabindex:7)
2024-03-06 09:18:16,192 [INFO] PluginManage:310 - Check plugin tutovideos
2024-03-06 09:18:16,590 [INFO] PluginManage:359 - Loaded plugin tutovideos (category:base,tabindex:-1)
2024-03-06 09:18:16,591 [INFO] PluginManage:310 - Check plugin updater
2024-03-06 09:18:16,648 [INFO] PluginManage:359 - Loaded plugin updater (category:base,tabindex:12)
2024-03-06 09:18:16,648 [INFO] PluginManage:310 - Check plugin userauth
2024-03-06 09:18:16,676 [INFO] UserAuth:114 - Init User Auth plugin
2024-03-06 09:18:16,677 [INFO] PluginManage:359 - Loaded plugin userauth (category:base,tabindex:14)
2024-03-06 09:18:16,677 [INFO] PluginManage:283 - PluginManage : Loaded plugins [17]
2024-03-06 09:18:18,504 [INFO] PinOutPanel:1499 - setPackage(No Configuration,No Configuration)
2024-03-06 09:18:18,991 [INFO] CADModel:165 - CPN selected for project level
2024-03-06 09:18:18,991 [INFO] CADModel:114 - Register for checkConnection events
2024-03-06 09:18:19,084 [INFO] IPUIPlugin:80 - create IPUIPlugin
2024-03-06 09:18:19,084 [INFO] PluginManager:220 - loadIPPluginJar : add adc
2024-03-06 09:18:19,089 [INFO] ThirdPartyUpdaterWithRetryManager:70 - Updater plugin not ready yet. [2/15]
2024-03-06 09:18:19,144 [INFO] IPUIPlugin:80 - create IPUIPlugin
2024-03-06 09:18:19,144 [INFO] PluginManager:220 - loadIPPluginJar : add aes
2024-03-06 09:18:19,185 [INFO] IPUIPlugin:80 - create IPUIPlugin
2024-03-06 09:18:19,185 [INFO] PluginManager:220 - loadIPPluginJar : add can
2024-03-06 09:18:19,209 [INFO] IPUIPlugin:80 - create IPUIPlugin
2024-03-06 09:18:19,209 [INFO] PluginManager:220 - loadIPPluginJar : add comp
2024-03-06 09:18:19,242 [INFO] IPUIPlugin:80 - create IPUIPlugin
2024-03-06 09:18:19,242 [INFO] PluginManager:220 - loadIPPluginJar : add cryp
2024-03-06 09:18:19,272 [INFO] IPUIPlugin:80 - create IPUIPlugin
2024-03-06 09:18:19,272 [INFO] PluginManager:220 - loadIPPluginJar : add dfsdm
2024-03-06 09:18:19,315 [INFO] IPUIPlugin:80 - create IPUIPlugin
2024-03-06 09:18:19,316 [INFO] PluginManager:220 - loadIPPluginJar : add dma
2024-03-06 09:18:19,373 [INFO] IPUIPlugin:80 - create IPUIPlugin
2024-03-06 09:18:19,373 [INFO] PluginManager:220 - loadIPPluginJar : add dma3
2024-03-06 09:18:19,393 [INFO] IPUIPlugin:80 - create IPUIPlugin
2024-03-06 09:18:19,393 [INFO] PluginManager:220 - loadIPPluginJar : add fatfs
2024-03-06 09:18:19,440 [INFO] IPUIPlugin:80 - create IPUIPlugin
2024-03-06 09:18:19,440 [INFO] PluginManager:220 - loadIPPluginJar : add fmc
2024-03-06 09:18:19,456 [INFO] IPUIPlugin:80 - create IPUIPlugin
2024-03-06 09:18:19,456 [INFO] PluginManager:220 - loadIPPluginJar : add freertos
2024-03-06 09:18:19,477 [INFO] IPUIPlugin:80 - create IPUIPlugin
2024-03-06 09:18:19,477 [INFO] PluginManager:220 - loadIPPluginJar : add genericplugin
2024-03-06 09:18:19,562 [INFO] IPUIPlugin:80 - create IPUIPlugin
2024-03-06 09:18:19,563 [INFO] PluginManager:220 - loadIPPluginJar : add gfxmmu
2024-03-06 09:18:19,690 [INFO] IPUIPlugin:80 - create IPUIPlugin
2024-03-06 09:18:19,690 [INFO] PluginManager:220 - loadIPPluginJar : add gic
2024-03-06 09:18:19,704 [INFO] IPUIPlugin:80 - create IPUIPlugin
2024-03-06 09:18:19,704 [INFO] PluginManager:220 - loadIPPluginJar : add gpio
2024-03-06 09:18:19,796 [INFO] IPUIPlugin:80 - create IPUIPlugin
2024-03-06 09:18:19,796 [INFO] PluginManager:220 - loadIPPluginJar : add gtzc
2024-03-06 09:18:19,829 [INFO] IPUIPlugin:80 - create IPUIPlugin
2024-03-06 09:18:19,829 [INFO] PluginManager:220 - loadIPPluginJar : add hash
2024-03-06 09:18:19,882 [INFO] IPUIPlugin:80 - create IPUIPlugin
2024-03-06 09:18:19,882 [INFO] PluginManager:220 - loadIPPluginJar : add i2c
2024-03-06 09:18:19,920 [INFO] IPUIPlugin:80 - create IPUIPlugin
2024-03-06 09:18:19,920 [INFO] PluginManager:220 - loadIPPluginJar : add i2s
2024-03-06 09:18:19,960 [INFO] IPUIPlugin:80 - create IPUIPlugin
2024-03-06 09:18:19,961 [INFO] PluginManager:220 - loadIPPluginJar : add i3c
2024-03-06 09:18:20,095 [INFO] IPUIPlugin:80 - create IPUIPlugin
2024-03-06 09:18:20,095 [INFO] PluginManager:220 - loadIPPluginJar : add ipddr
2024-03-06 09:18:20,223 [INFO] IPUIPlugin:80 - create IPUIPlugin
2024-03-06 09:18:20,223 [INFO] PluginManager:220 - loadIPPluginJar : add linkedlist
2024-03-06 09:18:20,285 [INFO] IPUIPlugin:80 - create IPUIPlugin
2024-03-06 09:18:20,286 [INFO] PluginManager:220 - loadIPPluginJar : add lorawan
2024-03-06 09:18:20,329 [INFO] IPUIPlugin:80 - create IPUIPlugin
2024-03-06 09:18:20,330 [INFO] PluginManager:220 - loadIPPluginJar : add ltdc
2024-03-06 09:18:20,342 [INFO] IPUIPlugin:80 - create IPUIPlugin
2024-03-06 09:18:20,343 [INFO] PluginManager:220 - loadIPPluginJar : add mdma
2024-03-06 09:18:20,373 [INFO] IPUIPlugin:80 - create IPUIPlugin
2024-03-06 09:18:20,373 [INFO] PluginManager:220 - loadIPPluginJar : add nvic
2024-03-06 09:18:20,415 [INFO] IPUIPlugin:80 - create IPUIPlugin
2024-03-06 09:18:20,415 [INFO] PluginManager:220 - loadIPPluginJar : add opamp
2024-03-06 09:18:20,473 [INFO] IPUIPlugin:80 - create IPUIPlugin
2024-03-06 09:18:20,473 [INFO] PluginManager:220 - loadIPPluginJar : add openamp
2024-03-06 09:18:20,522 [INFO] IPUIPlugin:80 - create IPUIPlugin
2024-03-06 09:18:20,522 [INFO] PluginManager:220 - loadIPPluginJar : add pdm2pcm
2024-03-06 09:18:20,548 [INFO] IPUIPlugin:80 - create IPUIPlugin
2024-03-06 09:18:20,550 [INFO] PluginManager:220 - loadIPPluginJar : add plateformsettings
2024-03-06 09:18:20,572 [INFO] IPUIPlugin:80 - create IPUIPlugin
2024-03-06 09:18:20,572 [INFO] PluginManager:220 - loadIPPluginJar : add quadspi
2024-03-06 09:18:20,585 [INFO] IPUIPlugin:80 - create IPUIPlugin
2024-03-06 09:18:20,586 [INFO] PluginManager:220 - loadIPPluginJar : add resmgrutility
2024-03-06 09:18:20,633 [INFO] IPUIPlugin:80 - create IPUIPlugin
2024-03-06 09:18:20,633 [INFO] PluginManager:220 - loadIPPluginJar : add sai
2024-03-06 09:18:20,668 [INFO] IPUIPlugin:80 - create IPUIPlugin
2024-03-06 09:18:20,668 [INFO] PluginManager:220 - loadIPPluginJar : add spi
2024-03-06 09:18:20,735 [INFO] IPUIPlugin:80 - create IPUIPlugin
2024-03-06 09:18:20,735 [INFO] PluginManager:220 - loadIPPluginJar : add stm32_wpan
2024-03-06 09:18:20,758 [INFO] IPUIPlugin:80 - create IPUIPlugin
2024-03-06 09:18:20,758 [INFO] PluginManager:220 - loadIPPluginJar : add tim
2024-03-06 09:18:20,817 [INFO] IPUIPlugin:80 - create IPUIPlugin
2024-03-06 09:18:20,817 [INFO] PluginManager:220 - loadIPPluginJar : add touchsensing
2024-03-06 09:18:20,839 [INFO] IPUIPlugin:80 - create IPUIPlugin
2024-03-06 09:18:20,839 [INFO] PluginManager:220 - loadIPPluginJar : add tracer_emb
2024-03-06 09:18:20,862 [INFO] IPUIPlugin:80 - create IPUIPlugin
2024-03-06 09:18:20,862 [INFO] PluginManager:220 - loadIPPluginJar : add ts
2024-03-06 09:18:20,884 [INFO] IPUIPlugin:80 - create IPUIPlugin
2024-03-06 09:18:20,884 [INFO] PluginManager:220 - loadIPPluginJar : add tsc
2024-03-06 09:18:20,908 [INFO] IPUIPlugin:80 - create IPUIPlugin
2024-03-06 09:18:20,908 [INFO] PluginManager:220 - loadIPPluginJar : add ucpd
2024-03-06 09:18:20,951 [INFO] IPUIPlugin:80 - create IPUIPlugin
2024-03-06 09:18:20,952 [INFO] PluginManager:220 - loadIPPluginJar : add usart
2024-03-06 09:18:20,996 [INFO] IPUIPlugin:80 - create IPUIPlugin
2024-03-06 09:18:20,996 [INFO] PluginManager:220 - loadIPPluginJar : add usbx
2024-03-06 09:18:21,181 [INFO] CADModel:165 - CPN selected for project level
2024-03-06 09:18:21,181 [INFO] CADModel:114 - Register for checkConnection events
2024-03-06 09:18:21,182 [FATAL] Updater:308 - Updater called before beeing initialized
2024-03-06 09:18:21,182 [ERROR] CADModel:125 - Updater not yet initialized, retry later 
2024-03-06 09:18:21,720 [INFO] CADModel:165 - CPN selected for project level
2024-03-06 09:18:21,720 [INFO] CADModel:114 - Register for checkConnection events
2024-03-06 09:18:21,720 [FATAL] Updater:308 - Updater called before beeing initialized
2024-03-06 09:18:21,720 [ERROR] CADModel:125 - Updater not yet initialized, retry later 
2024-03-06 09:18:21,739 [FATAL] Updater:308 - Updater called before beeing initialized
2024-03-06 09:18:21,918 [FATAL] Updater:308 - Updater called before beeing initialized
2024-03-06 09:18:21,937 [INFO] DbMcusAds:53 - JSON generation date=Wed Nov 29 17:52:27 ICT 2023 (1701255147349)
2024-03-06 09:18:21,937 [FATAL] Updater:308 - Updater called before beeing initialized
2024-03-06 09:18:22,091 [INFO] ThirdPartyUpdaterWithRetryManager:70 - Updater plugin not ready yet. [3/15]
2024-03-06 09:18:22,171 [WARN] DetailPanel:346 - Failed to get advertising image, set to default
2024-03-06 09:18:22,376 [FATAL] Updater:308 - Updater called before beeing initialized
2024-03-06 09:18:22,413 [FATAL] Updater:308 - Updater called before beeing initialized
2024-03-06 09:18:22,414 [FATAL] Updater:308 - Updater called before beeing initialized
2024-03-06 09:18:22,414 [WARN] DetailPanel:346 - Failed to get advertising image, set to default
2024-03-06 09:18:22,416 [FATAL] Updater:308 - Updater called before beeing initialized
2024-03-06 09:18:22,590 [ERROR] Updater:1120 - MainUpdater not yet initialized. External WinMGr cannot be set.
2024-03-06 09:18:22,621 [INFO] Updater:1056 - Updater Version found : 6.10.0
2024-03-06 09:18:22,663 [INFO] ApplicationProperties:184 - Using Application install path: E:\software\stm3214\STM32CubeIDE_1.14.1\STM32CubeIDE\plugins\com.st.stm32cube.common.mx_6.10.0.202311202037
2024-03-06 09:18:24,269 [ERROR] LogOutputStream:75 - [STDERR_REDIRECT] Mar 06, 2024 9:18:24 AM java.util.prefs.WindowsPreferences <init>
2024-03-06 09:18:24,272 [ERROR] LogOutputStream:75 - [STDERR_REDIRECT] WARNING: Could not open/create prefs root node Software\JavaSoft\Prefs at root 0xffffffff80000002. Windows RegCreateKeyEx(...) returned error code 5.
2024-03-06 09:18:24,272 [ERROR] LogOutputStream:75 - [STDERR_REDIRECT] 
2024-03-06 09:18:24,377 [ERROR] AbstractXmlFileManage:229 - java.io.FileNotFoundException: C:\Users\hahuy\.stm32cubemx\plugins\updater\STMcheckcomputer.xml (Access is denied)
2024-03-06 09:18:24,906 [INFO] MainUpdater:2873 - connection check result : 10
2024-03-06 09:18:24,907 [INFO] MainUpdater:290 - Updater Check For Update Now.
2024-03-06 09:18:24,908 [INFO] MicroXplorer:498 - Change Database Version : DB.6.0.100
2024-03-06 09:18:24,943 [INFO] McuFinderGlobals:63 - Set McuFinder mode to 2 (CubeIDE integrated)
2024-03-06 09:18:25,094 [WARN] MainUpdater:1194 - Updater busy. Cannot search thirdparties
2024-03-06 09:18:25,094 [INFO] ThirdPartyUpdaterWithRetryManager:96 - Updater plugin is busy. [1/15]
2024-03-06 09:18:25,116 [INFO] CheckServerUpdateThread:120 - End of CheckServer Thread
2024-03-06 09:18:25,169 [INFO] MainUpdater:2873 - connection check result : 10
2024-03-06 09:18:25,185 [INFO] MainUpdater:2873 - connection check result : 10
2024-03-06 09:18:25,307 [INFO] UserAuth:404 - Internet connection configuration mode: 1
2024-03-06 09:18:25,520 [INFO] JxBrowserEngine:152 - Initiate JxBrowser Engine with user profile folder
2024-03-06 09:18:25,871 [INFO] MicroXplorer:468 - Change Database Path : 
2024-03-06 09:18:25,871 [INFO] MicroXplorer:498 - Change Database Version : DB.6.0.100
2024-03-06 09:18:25,878 [WARN] ThirdParty:871 - waiting for thirdparty lock release [close project]
2024-03-06 09:18:28,282 [ERROR] DatabaseStatusFileBackup:74 - Database status backup cannot be accessed for writing: C:\Users\hahuy\.stm32cubemx\plugins\thirdparty\database.ser (Access is denied)
2024-03-06 09:18:28,473 [WARN] PackLoader:240 - Cannot read IP mode file for STMicroelectronics.X-CUBE-SMBUS.2.1.0
2024-03-06 09:18:28,564 [WARN] PackLoader:240 - Cannot read IP mode file for STMicroelectronics.X-CUBE-AZRTOS-F7.1.1.0
2024-03-06 09:18:28,593 [WARN] PackLoader:240 - Cannot read IP mode file for STMicroelectronics.FP-SNS-MOTENV1.4.3.2
2024-03-06 09:18:28,639 [WARN] PackLoader:240 - Cannot read IP mode file for STMicroelectronics.X-CUBE-BLE1.6.2.4
2024-03-06 09:18:28,675 [WARN] PackLoader:240 - Cannot read IP mode file for STMicroelectronics.FP-SNS-FLIGHT1.5.0.2
2024-03-06 09:18:28,724 [WARN] PackLoader:240 - Cannot read IP mode file for STMicroelectronics.X-CUBE-DISPLAY.3.0.0
2024-03-06 09:18:28,749 [WARN] PackLoader:240 - Cannot read IP mode file for STMicroelectronics.X-CUBE-BLE1.7.0.0
2024-03-06 09:18:28,768 [WARN] PackLoader:240 - Cannot read IP mode file for emotas.I-CUBE-CANOPEN.1.3.0
2024-03-06 09:18:28,793 [WARN] PackLoader:240 - Cannot read IP mode file for STMicroelectronics.X-CUBE-TOUCHGFX.4.22.0
2024-03-06 09:18:28,805 [WARN] PackLoader:240 - Cannot read IP mode file for STMicroelectronics.X-CUBE-TOUCHGFX.4.22.1
2024-03-06 09:18:28,817 [WARN] PackLoader:240 - Cannot read IP mode file for STMicroelectronics.FP-SNS-SMARTAG2.1.2.0
2024-03-06 09:18:28,844 [INFO] LogOutputStream:77 - [STDOUT_REDIRECT] 1 : Invalid condition id : UX_CORESTACK_Condition cause : null
2024-03-06 09:18:28,845 [INFO] LogOutputStream:77 - [STDOUT_REDIRECT] 1 : Invalid condition id : UX_CORESTACK_Condition cause : null
2024-03-06 09:18:28,846 [INFO] LogOutputStream:77 - [STDOUT_REDIRECT] 1 : Invalid condition id : UX_CORESTACK_Condition cause : null
2024-03-06 09:18:28,847 [INFO] LogOutputStream:77 - [STDOUT_REDIRECT] 1 : Invalid condition id : UX_CORESTACK_Condition cause : null
2024-03-06 09:18:28,847 [INFO] LogOutputStream:77 - [STDOUT_REDIRECT] 1 : Invalid condition id : UX_CORESTACK_Condition cause : null
2024-03-06 09:18:28,850 [WARN] PackLoader:240 - Cannot read IP mode file for STMicroelectronics.X-CUBE-AZRTOS-WL.2.0.0
2024-03-06 09:18:28,870 [WARN] PackLoader:240 - Cannot read IP mode file for WES.I-CUBE-Cesium.1.3.0
2024-03-06 09:18:28,883 [WARN] PackLoader:240 - Cannot read IP mode file for STMicroelectronics.X-CUBE-BLE2.3.3.0
2024-03-06 09:18:28,895 [WARN] PackLoader:240 - Cannot read IP mode file for STMicroelectronics.X-CUBE-ALGOBUILD.1.3.0
2024-03-06 09:18:28,920 [WARN] PackLoader:240 - Cannot read IP mode file for STMicroelectronics.X-CUBE-AZRTOS-G0.1.1.0
2024-03-06 09:18:28,934 [INFO] WebApp:161 - Instantiating new browser for Auth
2024-03-06 09:18:28,938 [WARN] PackLoader:240 - Cannot read IP mode file for STMicroelectronics.X-CUBE-NFC4.3.0.0
2024-03-06 09:18:28,977 [WARN] PackLoader:240 - Cannot read IP mode file for STMicroelectronics.FP-ATR-SIGFOX1.3.2.0
2024-03-06 09:18:29,030 [WARN] PackLoader:240 - Cannot read IP mode file for SEGGER.I-CUBE-embOS.1.3.1
2024-03-06 09:18:29,103 [WARN] PackLoader:240 - Cannot read IP mode file for STMicroelectronics.X-CUBE-GNSS1.6.0.0
2024-03-06 09:18:29,152 [WARN] PackLoader:240 - Cannot read IP mode file for STMicroelectronics.X-CUBE-AZRTOS-F4.1.1.0
2024-03-06 09:18:29,184 [WARN] PackLoader:240 - Cannot read IP mode file for wolfSSL.I-CUBE-wolfSSL.5.6.3
2024-03-06 09:18:29,324 [WARN] PackLoader:240 - Cannot read IP mode file for STMicroelectronics.X-CUBE-AZRTOS-L5.2.0.0
2024-03-06 09:18:29,390 [WARN] PackLoader:240 - Cannot read IP mode file for STMicroelectronics.X-CUBE-MEMS1.9.6.0
2024-03-06 09:18:29,596 [WARN] PackLoader:240 - Cannot read IP mode file for ITTIA_DB.I-CUBE-ITTIADB.8.8.0
2024-03-06 09:18:29,615 [WARN] PackLoader:240 - Cannot read IP mode file for STMicroelectronics.X-CUBE-BLEMGR.2.0.0
2024-03-06 09:18:29,656 [WARN] ConditionMgr:438 - getConditionDescription Invalid condition id : UX DEVICE CLASS RTOS Condition cause : null
2024-03-06 09:18:29,656 [WARN] ConditionMgr:438 - getConditionDescription Invalid condition id : UX DEVICE CLASS RTOS Condition cause : null
2024-03-06 09:18:29,660 [WARN] PackLoader:240 - Cannot read IP mode file for STMicroelectronics.X-CUBE-AZRTOS-H7.3.1.0
2024-03-06 09:18:29,660 [WARN] ConditionMgr:1039 - genDependencies : Invalid condition id : UX DEVICE CLASS RTOS Condition cause : null
2024-03-06 09:18:29,661 [WARN] ConditionMgr:1039 - genDependencies : Invalid condition id : UX DEVICE CLASS RTOS Condition cause : null
2024-03-06 09:18:29,661 [WARN] ConditionMgr:1039 - genDependencies : Invalid condition id : UX DEVICE CLASS RTOS Condition cause : null
2024-03-06 09:18:29,661 [WARN] ConditionMgr:1039 - genDependencies : Invalid condition id : UX DEVICE CLASS RTOS Condition cause : null
2024-03-06 09:18:29,662 [WARN] ConditionMgr:1039 - genDependencies : Invalid condition id : UX DEVICE CLASS RTOS Condition cause : null
2024-03-06 09:18:29,682 [WARN] PackLoader:240 - Cannot read IP mode file for STMicroelectronics.X-CUBE-NFC7.1.0.1
2024-03-06 09:18:29,707 [WARN] PackLoader:240 - Cannot read IP mode file for STMicroelectronics.X-CUBE-NFC6.3.0.0
2024-03-06 09:18:29,724 [WARN] PackLoader:240 - Cannot read IP mode file for STMicroelectronics.X-CUBE-EEPRMA1.4.1.0
2024-03-06 09:18:29,741 [WARN] PackLoader:240 - Cannot read IP mode file for STMicroelectronics.X-CUBE-AI.8.1.0
2024-03-06 09:18:29,781 [WARN] ConditionMgr:438 - getConditionDescription Invalid condition id : LAN8742 Phy interface Condition cause : null
2024-03-06 09:18:29,781 [WARN] PackLoader:240 - Cannot read IP mode file for STMicroelectronics.X-CUBE-AZRTOS-L4.2.0.0
2024-03-06 09:18:29,783 [WARN] ConditionMgr:1039 - genDependencies : Invalid condition id : LAN8742 Phy interface Condition cause : null
2024-03-06 09:18:29,783 [WARN] ConditionMgr:1039 - genDependencies : Invalid condition id : LAN8742 Phy interface Condition cause : null
2024-03-06 09:18:29,784 [WARN] ConditionMgr:1039 - genDependencies : Invalid condition id : LAN8742 Phy interface Condition cause : null
2024-03-06 09:18:29,801 [WARN] PackLoader:240 - Cannot read IP mode file for STMicroelectronics.X-CUBE-SFXS2LP1.4.0.0
2024-03-06 09:18:29,818 [WARN] PackLoader:240 - Cannot read IP mode file for STMicroelectronics.X-CUBE-ISPU.1.1.0
2024-03-06 09:18:29,843 [WARN] ConditionMgr:438 - getConditionDescription Invalid condition id : UX DEVICE CLASS RTOS Condition cause : null
2024-03-06 09:18:29,843 [WARN] ConditionMgr:438 - getConditionDescription Invalid condition id : UX DEVICE CLASS RTOS Condition cause : null
2024-03-06 09:18:29,844 [WARN] PackLoader:240 - Cannot read IP mode file for STMicroelectronics.X-CUBE-AZRTOS-WB.2.0.0
2024-03-06 09:18:29,845 [WARN] ConditionMgr:1039 - genDependencies : Invalid condition id : UX DEVICE CLASS RTOS Condition cause : null
2024-03-06 09:18:29,845 [WARN] ConditionMgr:1039 - genDependencies : Invalid condition id : UX DEVICE CLASS RTOS Condition cause : null
2024-03-06 09:18:29,845 [WARN] ConditionMgr:1039 - genDependencies : Invalid condition id : UX DEVICE CLASS RTOS Condition cause : null
2024-03-06 09:18:29,846 [WARN] ConditionMgr:1039 - genDependencies : Invalid condition id : UX DEVICE CLASS RTOS Condition cause : null
2024-03-06 09:18:29,846 [WARN] ConditionMgr:1039 - genDependencies : Invalid condition id : UX DEVICE CLASS RTOS Condition cause : null
2024-03-06 09:18:29,859 [WARN] PackLoader:240 - Cannot read IP mode file for STMicroelectronics.X-CUBE-FREERTOS.1.0.1
2024-03-06 09:18:29,886 [WARN] PackLoader:240 - Cannot read IP mode file for STMicroelectronics.X-CUBE-AZRTOS-L5.1.1.0
2024-03-06 09:18:29,899 [WARN] PackLoader:240 - Cannot read IP mode file for STMicroelectronics.X-CUBE-AI.8.0.1
2024-03-06 09:18:29,921 [WARN] PackLoader:240 - Cannot read IP mode file for STMicroelectronics.X-CUBE-SUBG2.5.0.0
2024-03-06 09:18:29,952 [WARN] PackLoader:240 - Cannot read IP mode file for STMicroelectronics.X-CUBE-TOF1.3.3.1
2024-03-06 09:18:29,981 [WARN] PackLoader:240 - Cannot read IP mode file for STMicroelectronics.X-CUBE-AZRTOS-G4.2.0.0
2024-03-06 09:18:29,999 [WARN] PackLoader:240 - Cannot read IP mode file for STMicroelectronics.X-CUBE-FREERTOS.1.1.0
2024-03-06 09:18:30,019 [WARN] PackLoader:240 - Cannot read IP mode file for portGmbH.I-Cube-SoM-uGOAL.1.1.0
2024-03-06 09:18:30,034 [WARN] PackLoader:240 - Cannot read IP mode file for STMicroelectronics.X-CUBE-ALS.1.0.1
2024-03-06 09:18:30,061 [WARN] PackLoader:240 - Cannot read IP mode file for STMicroelectronics.X-CUBE-AZRTOS-WB.1.1.0
2024-03-06 09:18:30,075 [WARN] PackLoader:240 - Cannot read IP mode file for STMicroelectronics.FP-ATR-ASTRA1.2.0.0
2024-03-06 09:18:30,076 [INFO] ThirdParty:978 - Integrity check success = true
2024-03-06 09:18:30,076 [INFO] IntegrityCheckThread:100 - exiting critical section [integrity check]
2024-03-06 09:18:30,077 [INFO] IntegrityCheckThread:103 - End integrity checks thread
2024-03-06 09:18:30,077 [INFO] ThirdParty:873 - entering critical section [close project]
2024-03-06 09:18:30,078 [INFO] ThirdParty:883 - exiting critical section [close project]
2024-03-06 09:18:30,081 [INFO] PinOutPanel:1499 - setPackage(No Configuration,No Configuration)
2024-03-06 09:18:30,086 [INFO] UtilMem:75 - Begin LoadConfig() Used Memory: 267295280 Bytes (416284672)
2024-03-06 09:18:30,087 [INFO] MicroXplorer:468 - Change Database Path : 
2024-03-06 09:18:30,087 [INFO] MicroXplorer:498 - Change Database Version : DB.6.0.100
2024-03-06 09:18:30,088 [INFO] OpenFileManager:312 - Change cursor
2024-03-06 09:18:30,091 [ERROR] BinarySerializedPreferences:82 - Cannot save pack preferences: C:\Users\hahuy\.stm32cubemx\plugins\thirdparty\preferences\thirdparty.prefs (Access is denied)
2024-03-06 09:18:30,299 [INFO] Mcu:2016 - Initializing MCU STM32F407Z(E-G)Tx STM32F407ZGTx STM32F407ZGT6
2024-03-06 09:18:31,241 [INFO] WebApp:780 - Register for checkConnection events
2024-03-06 09:18:31,241 [INFO] WebApp:414 - Apply proxy settings
2024-03-06 09:18:31,241 [INFO] WebApp:499 - Chromium requires no authentication
2024-03-06 09:18:31,288 [INFO] WebApp:442 - Direct internet connection detected
2024-03-06 09:18:31,946 [INFO] WebApp:192 - Starting web application
2024-03-06 09:18:31,946 [INFO] WebApp:544 - Web application path used E:\software\stm3214\STM32CubeIDE_1.14.1\STM32CubeIDE\plugins\com.st.stm32cube.common.mx_6.10.0.202311202037\db\plugins\mcufinder\reactClient1\index.html
2024-03-06 09:18:35,528 [INFO] Context:659 - Trying to add GPIOservice into a context  which must be forbidden
2024-03-06 09:18:36,396 [INFO] RtosManager:555 - Registered RTOS mode: class=CMSIS, group=RTOS, mode=CMSIS_V1, owner=FREERTOS
2024-03-06 09:18:36,396 [INFO] RtosManager:555 - Registered RTOS mode: class=CMSIS, group=RTOS2, mode=CMSIS_V2, owner=FREERTOS
2024-03-06 09:18:36,397 [INFO] RtosManager:555 - Registered RTOS mode: class=RTOS, group=Core, mode=CMSIS_V1, owner=FREERTOS
2024-03-06 09:18:36,397 [INFO] RtosManager:555 - Registered RTOS mode: class=RTOS, group=Core, mode=CMSIS_V2, owner=FREERTOS
2024-03-06 09:18:36,397 [WARN] ModelIntegratedComponent:184 - Missing modes for component STMicroelectronics:FreeRTOS:0.0.1:STMicroelectronics:RTOS:FreeRTOS:Core:::10.2.0:
2024-03-06 09:18:36,411 [WARN] ModelIntegratedComponent:63 - No mode defined for component null
2024-03-06 09:18:36,411 [WARN] ModelIntegratedComponent:63 - No mode defined for component null
2024-03-06 09:18:36,411 [WARN] ModelIntegratedComponent:63 - No mode defined for component null
2024-03-06 09:18:36,411 [WARN] ModelIntegratedComponent:63 - No mode defined for component null
2024-03-06 09:18:36,411 [WARN] ModelIntegratedComponent:63 - No mode defined for component null
2024-03-06 09:18:36,412 [WARN] ModelIntegratedComponent:63 - No mode defined for component null
2024-03-06 09:18:36,412 [WARN] ModelIntegratedComponent:63 - No mode defined for component null
2024-03-06 09:18:36,412 [WARN] ModelIntegratedComponent:63 - No mode defined for component null
2024-03-06 09:18:36,412 [WARN] ModelIntegratedComponent:63 - No mode defined for component null
2024-03-06 09:18:36,412 [WARN] ModelIntegratedComponent:63 - No mode defined for component null
2024-03-06 09:18:36,412 [WARN] ModelIntegratedComponent:63 - No mode defined for component null
2024-03-06 09:18:36,412 [WARN] ModelIntegratedComponent:63 - No mode defined for component null
2024-03-06 09:18:36,412 [WARN] ModelIntegratedComponent:63 - No mode defined for component null
2024-03-06 09:18:36,412 [WARN] ModelIntegratedComponent:63 - No mode defined for component null
2024-03-06 09:18:36,412 [WARN] ModelIntegratedComponent:63 - No mode defined for component null
2024-03-06 09:18:36,412 [WARN] ModelIntegratedComponent:63 - No mode defined for component null
2024-03-06 09:18:36,412 [WARN] ModelIntegratedComponent:63 - No mode defined for component null
2024-03-06 09:18:36,412 [WARN] ModelIntegratedComponent:63 - No mode defined for component null
2024-03-06 09:18:36,412 [WARN] ModelIntegratedComponent:63 - No mode defined for component null
2024-03-06 09:18:36,412 [WARN] ModelIntegratedComponent:63 - No mode defined for component null
2024-03-06 09:18:36,413 [WARN] ModelIntegratedComponent:63 - No mode defined for component null
2024-03-06 09:18:36,413 [WARN] ModelIntegratedComponent:63 - No mode defined for component null
2024-03-06 09:18:36,413 [WARN] ModelIntegratedComponent:63 - No mode defined for component null
2024-03-06 09:18:36,413 [WARN] ModelIntegratedComponent:63 - No mode defined for component null
2024-03-06 09:18:36,413 [WARN] ModelIntegratedComponent:63 - No mode defined for component null
2024-03-06 09:18:36,413 [WARN] ModelIntegratedComponent:63 - No mode defined for component null
2024-03-06 09:18:36,413 [WARN] ModelIntegratedComponent:63 - No mode defined for component null
2024-03-06 09:18:36,413 [WARN] ModelIntegratedComponent:63 - No mode defined for component null
2024-03-06 09:18:36,413 [WARN] ModelIntegratedComponent:63 - No mode defined for component null
2024-03-06 09:18:36,413 [WARN] ModelIntegratedComponent:63 - No mode defined for component null
2024-03-06 09:18:36,413 [WARN] ModelIntegratedComponent:63 - No mode defined for component null
2024-03-06 09:18:36,413 [WARN] ModelIntegratedComponent:63 - No mode defined for component null
2024-03-06 09:18:36,413 [WARN] ModelIntegratedComponent:63 - No mode defined for component null
2024-03-06 09:18:36,453 [INFO] ThirdPartyModel:298 - Start build external matchings
2024-03-06 09:18:36,745 [INFO] ThirdPartyModel:316 - End build external matchings
2024-03-06 09:18:36,757 [INFO] RtosManager:919 - Current active RTOS is FREERTOS [Cortex-M4NS]
2024-03-06 09:18:36,767 [INFO] ImportTextPane:194 - (OptionalMessage_ERROR) IP (RCC) : Parameter (48MHZClocksFreq_Value) has invalid value (84000000)
2024-03-06 09:18:36,768 [INFO] ImportTextPane:194 - (OptionalMessage_ERROR) IP (RCC) : Parameter (RTCHSEDivFreq_Value) has invalid value (4000000)
2024-03-06 09:18:37,369 [INFO] UtilMem:75 - End LoadConfig() Used Memory: 182519176 Bytes (549453824)
2024-03-06 09:18:37,623 [INFO] ApiDb:581 - Connected to CubeFinder SQLite database (C:\Users\hahuy\.stmcufinder\plugins\mcufinder\mcu\cube-finder-db.db)
2024-03-06 09:18:37,740 [INFO] ApiDb:668 - CubeFinder database Data Model version=2.1
2024-03-06 09:18:37,740 [INFO] ApiDb:669 - CubeFinder database Configuration version=3.0.39
2024-03-06 09:18:37,741 [INFO] ApiDb:670 - CubeFinder database generation date=2024-02-19 (1708350410)
2024-03-06 09:18:37,741 [INFO] ApiDb:671 - CubeFinder database FW Pack versions=[FP-ATR-ASTRA1_V2.0.0, FP-SNS-FLIGHT1_V5.0.1, FP-SNS-FLIGHT1_V5.0.2, FP-SNS-MOTENV1_V4.3.1, FP-SNS-MOTENV1_V4.3.2, FP-SNS-MOTENVWB1_V1.3.1, FP-SNS-SMARTAG2_V1.2.0, STM32Cube_FW_C0_V1.1.0, STM32Cube_FW_F4_V1.28.0, STM32Cube_FW_F7_V1.17.0, STM32Cube_FW_G0_V1.6.2, STM32Cube_FW_G4_V1.5.2, STM32Cube_FW_H5_V0.5.1, STM32Cube_FW_H5_V1.1.1, STM32Cube_FW_H5_V1.2.0RC2, STM32Cube_FW_H7_V1.11.0, STM32Cube_FW_L0_V1.12.2, STM32Cube_FW_L5_V1.5.0, STM32Cube_FW_U5_V1.3.0RC4, STM32Cube_FW_U5_V1.4.0, STM32Cube_FW_WBA_V1.0.0RC1, STM32Cube_FW_WBA_V1.1.0RC1, STM32Cube_FW_WBA_V1.2.0, STM32Cube_FW_WBA_V1.2.0RC2, STM32Cube_FW_WB_V1.15.0RC1, STM32Cube_FW_WB_V1.16.0, STM32Cube_FW_WB_V1.16.0RC2, STM32Cube_FW_WB_V1.18.0, STM32Cube_FW_WL_V1.3.0, X-CUBE-ALGOBUILD_V1.3.0, X-CUBE-ALS_V1.0.1, X-CUBE-AZRTOS-F4_V1.1.0, X-CUBE-AZRTOS-F7_V1.1.0, X-CUBE-AZRTOS-G0_V1.1.0, X-CUBE-AZRTOS-G4_V2.0.0, X-CUBE-AZRTOS-H7_V3.2.0, X-CUBE-AZRTOS-L4_V1.0.0, X-CUBE-AZRTOS-L4_V2.0.0, X-CUBE-AZRTOS-L5_V1.1.0, X-CUBE-AZRTOS-WB_V2.0.0, X-CUBE-AZRTOS-WL_V2.0.0, X-CUBE-BLE1_V7.0.0, X-CUBE-BLE2_V3.3.0, X-CUBE-BLEMGR_V3.0.0, X-CUBE-EEPRMA1_V4.1.0, X-CUBE-EEPRMA1_V5.1.0, X-CUBE-FREERTOS_V1.1.0, X-CUBE-GNSS1_V6.0.0, X-CUBE-MEMS1_V10.0.0, X-CUBE-MEMS1_V9.1.0, X-CUBE-MEMS1_V9.4.0, X-CUBE-MEMS1_V9.6.0, X-CUBE-NFC4_V3.0.0, X-CUBE-NFC7_V1.0.1, X-CUBE-SFXS2LP1_V4.0.0, X-CUBE-SUBG2_V5.0.0, X-CUBE-TOF1_V3.4.0]
2024-03-06 09:18:40,205 [INFO] ApiDb:240 - Found 371 in-development CPN: [B-G473E-ZEST1S, B-WB1M-WPAN1, B-WL5M-SUBG1, NUCLEO-C031C6, NUCLEO-H503RB, NUCLEO-H563ZI, NUCLEO-U545RE-Q, NUCLEO-U5A5ZJ-Q, NUCLEO-WBA52CG, NUCLEO-WBA55CG, STEVAL-MKBOXPRO, STEVAL-PROTEUS1, STEVAL-STWINBX1, STM320518-EVAL, STM32C0116-DK, STM32C011D6Y3TR, STM32C011D6Y6TR, STM32C011F4P3, STM32C011F4P6, STM32C011F4U3, STM32C011F4U6TR, STM32C011F6P3, STM32C011F6P6, STM32C011F6U3, STM32C011F6U6TR, STM32C011J4M3, STM32C011J4M6, STM32C011J6M3, STM32C011J6M6, STM32C0316-DK, STM32C031C4T3, STM32C031C4T6, STM32C031C4U3, STM32C031C4U6, STM32C031C6T3, STM32C031C6T6, STM32C031C6U3, STM32C031C6U6, STM32C031F4P3, STM32C031F4P6, STM32C031F6P3, STM32C031F6P6, STM32C031G4U3, STM32C031G4U6, STM32C031G6U3, STM32C031G6U6, STM32C031K4T3, STM32C031K4T6, STM32C031K4U3, STM32C031K4U6, STM32C031K6T3, STM32C031K6T6, STM32C031K6U3, STM32C031K6U6, STM32G071K8TXN, STM32G071K8UXN, STM32G081GBU6N, STM32G081KBT6N, STM32G081KBUXN, STM32G0B1CCT6N, STM32G0B1KCT6, STM32G0B1NEY6TR, STM32G0B1RCT6N, STM32G0C1CCT6, STM32G0C1CCT6N, STM32G0C1CCU6N, STM32G0C1CET6N, STM32G0C1CEU6N, STM32G0C1KCT6, STM32G0C1NEY6TR, STM32G0C1RCI6N, STM32G0C1RCT6N, STM32G0C1REI6N, STM32G0C1RET6N, STM32G0C1VCI6, STM32G0C1VEI6, STM32G471CCT6, STM32G471CCU6, STM32G471CET3, STM32G471CET6, STM32G471CEU3, STM32G471CEU6, STM32G471MCT6, STM32G471MET3, STM32G471MET6, STM32G471MEY6TR, STM32G471QCT6, STM32G471QET3, STM32G471RCT6, STM32G471RET3, STM32G471RET6, STM32G471VCH6, STM32G471VCI6, STM32G471VCT6, STM32G471VEH3, STM32G471VEH6, STM32G471VEI3, STM32G471VEI6, STM32G471VET3, STM32G471VET6, STM32G474CCT6, STM32H503CBT6, STM32H503CBU6, STM32H503EBY6TR, STM32H503KBU6, STM32H503RBT6, STM32H562AGI6, STM32H562AII6, STM32H562IGK6, STM32H562IGT6, STM32H562IIK6, STM32H562IIT6, STM32H562RGT6, STM32H562RGV6, STM32H562RIT6, STM32H562RIV6, STM32H562VGT6, STM32H562VIT6, STM32H562ZGT6, STM32H562ZIT6, STM32H563AGI6, STM32H563AII3Q, STM32H563AII6, STM32H563IGK6, STM32H563IGT6, STM32H563IIK3Q, STM32H563IIK6, STM32H563IIT3Q, STM32H563IIT6, STM32H563MIY3QTR, STM32H563RGT6, STM32H563RGV6, STM32H563RIT6, STM32H563RIV6, STM32H563VGT6, STM32H563VIT3Q, STM32H563VIT6, STM32H563ZGT6, STM32H563ZIT3Q, STM32H563ZIT6, STM32H573AII3Q, STM32H573AII6, STM32H573I-DK, STM32H573IIK3Q, STM32H573IIK6, STM32H573IIT3Q, STM32H573IIT6, STM32H573MIY3QTR, STM32H573RIT6, STM32H573RIV6, STM32H573VIT3Q, STM32H573VIT6, STM32H573ZIT3Q, STM32H573ZIT6, STM32L4R5QGI6STR, STM32MP131AAE3, STM32MP131AAF3, STM32MP131AAG3, STM32MP131CAE3, STM32MP131CAF3, STM32MP131CAG3, STM32MP131DAE7, STM32MP131DAF7, STM32MP131DAG7, STM32MP131FAE7, STM32MP131FAF7, STM32MP131FAG7, STM32MP133AAE3, STM32MP133AAF3, STM32MP133AAG3, STM32MP133CAE3, STM32MP133CAF3, STM32MP133CAG3, STM32MP133DAE7, STM32MP133DAF7, STM32MP133DAG7, STM32MP133FAE7, STM32MP133FAF7, STM32MP133FAG7, STM32MP135AAE3, STM32MP135AAF3, STM32MP135AAG3, STM32MP135CAE3, STM32MP135CAF3, STM32MP135CAG3, STM32MP135DAE7, STM32MP135DAF7, STM32MP135DAG7, STM32MP135F-DK, STM32MP135FAE7, STM32MP135FAF7, STM32MP135FAF7T, STM32MP135FAF7U, STM32MP135FAG7, STM32U535CBT6, STM32U535CBT6Q, STM32U535CBU6, STM32U535CBU6Q, STM32U535CCT6, STM32U535CCT6Q, STM32U535CCU6, STM32U535CCU6Q, STM32U535CET6, STM32U535CET6Q, STM32U535CEU6, STM32U535CEU6Q, STM32U535JEY6QTR, STM32U535NCY6QTR, STM32U535NEY6QTR, STM32U535RBI6, STM32U535RBI6Q, STM32U535RBT6, STM32U535RBT6Q, STM32U535RCI6, STM32U535RCI6Q, STM32U535RCT6, STM32U535RCT6Q, STM32U535REI6, STM32U535REI6Q, STM32U535RET6, STM32U535RET6Q, STM32U535VCI6, STM32U535VCI6Q, STM32U535VCT6, STM32U535VCT6Q, STM32U535VEI6, STM32U535VEI6Q, STM32U535VET6, STM32U535VET6Q, STM32U545CET6, STM32U545CET6Q, STM32U545CEU6, STM32U545CEU6Q, STM32U545JEY6QTR, STM32U545NEY6QTR, STM32U545REI6, STM32U545REI6Q, STM32U545RET6, STM32U545RET6Q, STM32U545VEI6, STM32U545VEI6Q, STM32U545VET6, STM32U545VET6Q, STM32U595AIH6, STM32U595AIH6Q, STM32U595AJH6, STM32U595AJH6Q, STM32U595QII6, STM32U595QII6Q, STM32U595QJI6, STM32U595QJI6Q, STM32U595RIT6, STM32U595RIT6Q, STM32U595RJT6, STM32U595RJT6Q, STM32U595VIT6, STM32U595VIT6Q, STM32U595VJT6, STM32U595VJT6Q, STM32U595ZIT6, STM32U595ZIT6Q, STM32U595ZIY6QTR, STM32U595ZJT6, STM32U595ZJT6Q, STM32U595ZJY6QTR, STM32U599BJY6QTR, STM32U599NIH6Q, STM32U599NJH6Q, STM32U599VIT6Q, STM32U599VJT6, STM32U599VJT6Q, STM32U599ZIT6Q, STM32U599ZIY6QTR, STM32U599ZJT6Q, STM32U599ZJY6QTR, STM32U5A5AJH6, STM32U5A5AJH6Q, STM32U5A5QJI6, STM32U5A5QJI6Q, STM32U5A5RJT6, STM32U5A5RJT6Q, STM32U5A5VJT6, STM32U5A5VJT6Q, STM32U5A5ZJT6, STM32U5A5ZJT6Q, STM32U5A5ZJY6QTR, STM32U5A9BJY6QTR, STM32U5A9J-DK, STM32U5A9NJH6Q, STM32U5A9VJT6Q, STM32U5A9ZJT6Q, STM32U5A9ZJY6QTR, STM32U5F7VIT6, STM32U5F7VIT6Q, STM32U5F7VJT6, STM32U5F7VJT6Q, STM32U5F9BJY6QTR, STM32U5F9NJH6Q, STM32U5F9VIT6Q, STM32U5F9VJT6Q, STM32U5F9ZIJ6QTR, STM32U5F9ZIT6Q, STM32U5F9ZJJ6QTR, STM32U5F9ZJT6Q, STM32U5G7VJT6, STM32U5G7VJT6Q, STM32U5G9BJY6QTR, STM32U5G9J-DK1, STM32U5G9J-DK2, STM32U5G9NJH6Q, STM32U5G9VJT6Q, STM32U5G9ZJJ6QTR, STM32U5G9ZJT6Q, STM32WB1MMCH6, STM32WBA50KEU6, STM32WBA50KEU6TR, STM32WBA50KGU6, STM32WBA50KGU6TR, STM32WBA52CEU6, STM32WBA52CEU6TR, STM32WBA52CEU7, STM32WBA52CEU7TR, STM32WBA52CGU6, STM32WBA52CGU6TR, STM32WBA52CGU6U, STM32WBA52CGU7, STM32WBA52CGU7TR, STM32WBA52KEU6, STM32WBA52KEU6TR, STM32WBA52KGU6, STM32WBA52KGU6TR, STM32WBA54CEU6, STM32WBA54CEU6TR, STM32WBA54CEU7, STM32WBA54CEU7TR, STM32WBA54CGU6, STM32WBA54CGU6TR, STM32WBA54CGU7, STM32WBA54CGU7TR, STM32WBA54KEU6, STM32WBA54KEU6TR, STM32WBA54KEU7, STM32WBA54KEU7TR, STM32WBA54KGU6, STM32WBA54KGU6TR, STM32WBA54KGU7, STM32WBA54KGU7TR, STM32WBA55CEU6, STM32WBA55CEU6TR, STM32WBA55CEU7, STM32WBA55CEU7TR, STM32WBA55CGU6, STM32WBA55CGU6TR, STM32WBA55CGU6U, STM32WBA55CGU7, STM32WBA55CGU7TR, STM32WBA55G-DK1, STM32WBA55HEF6, STM32WBA55HEF7, STM32WBA55HGF6, STM32WBA55HGF7, STM32WBA55UEI6, STM32WBA55UEI6TR, STM32WBA55UEI7, STM32WBA55UEI7TR, STM32WBA55UGI6, STM32WBA55UGI6TR, STM32WBA55UGI7, STM32WBA55UGI7TR, STM32WL5MOCH6, STM32WL5MOCH6TR]
2024-03-06 09:18:40,209 [INFO] DbMcus:218 - Found 3930 MCUs, 3930 are supported
2024-03-06 09:18:40,210 [INFO] ApiDb:423 - Load user favorites file C:\Users\hahuy/.stm32cubeide/favorites.mcus.txt: 0 item(s)
2024-03-06 09:18:40,210 [INFO] ApiDb:427 - User favorites MCUs=[]
2024-03-06 09:18:40,210 [INFO] DbMcus:224 - Set 0 / 0 favorites MCUs
2024-03-06 09:18:40,622 [INFO] MicroXplorer:468 - Change Database Path : 
2024-03-06 09:18:40,622 [INFO] MicroXplorer:498 - Change Database Version : DB.6.0.100
2024-03-06 09:18:40,623 [WARN] ThirdParty:833 - waiting for thirdparty lock release [change project]
2024-03-06 09:18:40,623 [INFO] ThirdParty:835 - entering critical section [change project]
2024-03-06 09:18:40,623 [INFO] ThirdParty:1030 - CMSIS Pack Vendor :STMicroelectronics X-CUBE-ISPU 1.1.0
2024-03-06 09:18:40,623 [INFO] ThirdParty:1030 - CMSIS Pack Vendor :STMicroelectronics USBPD 4.1
2024-03-06 09:18:40,623 [INFO] ThirdParty:1030 - CMSIS Pack Vendor :STMicroelectronics X-CUBE-GNSS1 6.0.0
2024-03-06 09:18:40,623 [INFO] ThirdParty:1030 - CMSIS Pack Vendor :STMicroelectronics USB_HOST 2.0.0
2024-03-06 09:18:40,623 [INFO] ThirdParty:1030 - CMSIS Pack Vendor :STMicroelectronics X-CUBE-AZRTOS-F4 1.1.0
2024-03-06 09:18:40,623 [INFO] ThirdParty:1030 - CMSIS Pack Vendor :STMicroelectronics LIBJPEG 8.0.0
2024-03-06 09:18:40,623 [INFO] ThirdParty:1030 - CMSIS Pack Vendor :wolfSSL I-CUBE-wolfSSL 5.6.3
2024-03-06 09:18:40,623 [INFO] ThirdParty:1030 - CMSIS Pack Vendor :STMicroelectronics X-CUBE-SMBUS 2.1.0
2024-03-06 09:18:40,623 [INFO] ThirdParty:1030 - CMSIS Pack Vendor :STMicroelectronics USB_DEVICE 3.0.0
2024-03-06 09:18:40,623 [INFO] ThirdParty:1030 - CMSIS Pack Vendor :STMicroelectronics X-CUBE-AZRTOS-WB 2.0.0
2024-03-06 09:18:40,623 [INFO] ThirdParty:1030 - CMSIS Pack Vendor :STMicroelectronics X-CUBE-FREERTOS 1.0.1
2024-03-06 09:18:40,623 [INFO] ThirdParty:1030 - CMSIS Pack Vendor :STMicroelectronics X-CUBE-AZRTOS-F7 1.1.0
2024-03-06 09:18:40,624 [INFO] ThirdParty:1030 - CMSIS Pack Vendor :STMicroelectronics X-CUBE-AZRTOS-L5 2.0.0
2024-03-06 09:18:40,624 [INFO] ThirdParty:1030 - CMSIS Pack Vendor :STMicroelectronics USB_DEVICE 2.0.0
2024-03-06 09:18:40,624 [INFO] ThirdParty:1030 - CMSIS Pack Vendor :STMicroelectronics X-CUBE-MEMS1 9.6.0
2024-03-06 09:18:40,624 [INFO] ThirdParty:1030 - CMSIS Pack Vendor :ITTIA_DB I-CUBE-ITTIADB 8.8.0
2024-03-06 09:18:40,624 [INFO] ThirdParty:1030 - CMSIS Pack Vendor :STMicroelectronics FP-SNS-MOTENV1 4.3.2
2024-03-06 09:18:40,624 [INFO] ThirdParty:1030 - CMSIS Pack Vendor :STMicroelectronics X-CUBE-ALGOBUILD 1.3.0
2024-03-06 09:18:40,624 [INFO] ThirdParty:1030 - CMSIS Pack Vendor :STMicroelectronics X-CUBE-BLE1 6.2.4
2024-03-06 09:18:40,624 [INFO] ThirdParty:1030 - CMSIS Pack Vendor :STMicroelectronics X-CUBE-AZRTOS-L5 1.1.0
2024-03-06 09:18:40,624 [INFO] ThirdParty:1030 - CMSIS Pack Vendor :STMicroelectronics FreeRTOS 0.0.1
2024-03-06 09:18:40,624 [INFO] ThirdParty:1030 - CMSIS Pack Vendor :STMicroelectronics X-CUBE-AZRTOS-G0 1.1.0
2024-03-06 09:18:40,624 [INFO] ThirdParty:1030 - CMSIS Pack Vendor :STMicroelectronics X-CUBE-BLEMGR 2.0.0
2024-03-06 09:18:40,624 [INFO] ThirdParty:1030 - CMSIS Pack Vendor :STMicroelectronics X-CUBE-AI 8.0.1
2024-03-06 09:18:40,624 [INFO] ThirdParty:1030 - CMSIS Pack Vendor :STMicroelectronics X-CUBE-NFC4 3.0.0
2024-03-06 09:18:40,624 [INFO] ThirdParty:1030 - CMSIS Pack Vendor :STMicroelectronics X-CUBE-SUBG2 5.0.0
2024-03-06 09:18:40,624 [INFO] ThirdParty:1030 - CMSIS Pack Vendor :STMicroelectronics STM32_WPAN 1.0.0
2024-03-06 09:18:40,624 [INFO] ThirdParty:1030 - CMSIS Pack Vendor :STMicroelectronics lwIP 2.0.3
2024-03-06 09:18:40,624 [INFO] ThirdParty:1030 - CMSIS Pack Vendor :STMicroelectronics FP-SNS-FLIGHT1 5.0.2
2024-03-06 09:18:40,625 [INFO] ThirdParty:1030 - CMSIS Pack Vendor :STMicroelectronics USB_HOST 1.0.0
2024-03-06 09:18:40,625 [INFO] ThirdParty:1030 - CMSIS Pack Vendor :STMicroelectronics X-CUBE-TOF1 3.3.1
2024-03-06 09:18:40,625 [INFO] ThirdParty:1030 - CMSIS Pack Vendor :STMicroelectronics X-CUBE-AZRTOS-G4 2.0.0
2024-03-06 09:18:40,625 [INFO] ThirdParty:1030 - CMSIS Pack Vendor :STMicroelectronics PDM2PCM 3.1.0
2024-03-06 09:18:40,625 [INFO] ThirdParty:1030 - CMSIS Pack Vendor :STMicroelectronics X-CUBE-AZRTOS-H7 3.1.0
2024-03-06 09:18:40,625 [INFO] ThirdParty:1030 - CMSIS Pack Vendor :STMicroelectronics PDM2PCM 3.3.0
2024-03-06 09:18:40,625 [INFO] ThirdParty:1030 - CMSIS Pack Vendor :STMicroelectronics X-CUBE-DISPLAY 3.0.0
2024-03-06 09:18:40,625 [INFO] ThirdParty:1030 - CMSIS Pack Vendor :STMicroelectronics X-CUBE-BLE1 7.0.0
2024-03-06 09:18:40,625 [INFO] ThirdParty:1030 - CMSIS Pack Vendor :STMicroelectronics FP-ATR-SIGFOX1 3.2.0
2024-03-06 09:18:40,625 [INFO] ThirdParty:1030 - CMSIS Pack Vendor :STMicroelectronics HAL Drivers 0.0.0
2024-03-06 09:18:40,625 [INFO] ThirdParty:1030 - CMSIS Pack Vendor :STMicroelectronics MBEDTLS 2.16.2
2024-03-06 09:18:40,625 [INFO] ThirdParty:1030 - CMSIS Pack Vendor :emotas I-CUBE-CANOPEN 1.3.0
2024-03-06 09:18:40,625 [INFO] ThirdParty:1030 - CMSIS Pack Vendor :STMicroelectronics X-CUBE-FREERTOS 1.1.0
2024-03-06 09:18:40,625 [INFO] ThirdParty:1030 - CMSIS Pack Vendor :STMicroelectronics X-CUBE-TOUCHGFX 4.22.0
2024-03-06 09:18:40,625 [INFO] ThirdParty:1030 - CMSIS Pack Vendor :STMicroelectronics X-CUBE-NFC7 1.0.1
2024-03-06 09:18:40,625 [INFO] ThirdParty:1030 - CMSIS Pack Vendor :STMicroelectronics MBEDTLS 2.14.1
2024-03-06 09:18:40,626 [INFO] ThirdParty:1030 - CMSIS Pack Vendor :STMicroelectronics X-CUBE-TOUCHGFX 4.22.1
2024-03-06 09:18:40,626 [INFO] ThirdParty:1030 - CMSIS Pack Vendor :STMicroelectronics X-CUBE-NFC6 3.0.0
2024-03-06 09:18:40,626 [INFO] ThirdParty:1030 - CMSIS Pack Vendor :STMicroelectronics X-CUBE-EEPRMA1 4.1.0
2024-03-06 09:18:40,626 [INFO] ThirdParty:1030 - CMSIS Pack Vendor :portGmbH I-Cube-SoM-uGOAL 1.1.0
2024-03-06 09:18:40,627 [INFO] ThirdParty:1030 - CMSIS Pack Vendor :STMicroelectronics X-CUBE-ALS 1.0.1
2024-03-06 09:18:40,627 [INFO] ThirdParty:1030 - CMSIS Pack Vendor :STMicroelectronics ThreadX 1.0.0
2024-03-06 09:18:40,627 [INFO] ThirdParty:1030 - CMSIS Pack Vendor :STMicroelectronics FP-SNS-SMARTAG2 1.2.0
2024-03-06 09:18:40,627 [INFO] ThirdParty:1030 - CMSIS Pack Vendor :STMicroelectronics X-CUBE-AZRTOS-WB 1.1.0
2024-03-06 09:18:40,627 [INFO] ThirdParty:1030 - CMSIS Pack Vendor :STMicroelectronics X-CUBE-AZRTOS-WL 2.0.0
2024-03-06 09:18:40,627 [INFO] ThirdParty:1030 - CMSIS Pack Vendor :SEGGER I-CUBE-embOS 1.3.1
2024-03-06 09:18:40,627 [INFO] ThirdParty:1030 - CMSIS Pack Vendor :STMicroelectronics USB_DEVICE 1.0.0
2024-03-06 09:18:40,627 [INFO] ThirdParty:1030 - CMSIS Pack Vendor :STMicroelectronics X-CUBE-AI 8.1.0
2024-03-06 09:18:40,627 [INFO] ThirdParty:1030 - CMSIS Pack Vendor :STMicroelectronics X-CUBE-AZRTOS-L4 2.0.0
2024-03-06 09:18:40,627 [INFO] ThirdParty:1030 - CMSIS Pack Vendor :STMicroelectronics ThreadX 0.0.2
2024-03-06 09:18:40,627 [INFO] ThirdParty:1030 - CMSIS Pack Vendor :WES I-CUBE-Cesium 1.3.0
2024-03-06 09:18:40,627 [INFO] ThirdParty:1030 - CMSIS Pack Vendor :STMicroelectronics FP-ATR-ASTRA1 2.0.0
2024-03-06 09:18:40,627 [INFO] ThirdParty:1030 - CMSIS Pack Vendor :STMicroelectronics lwIP 2.1.2
2024-03-06 09:18:40,627 [INFO] ThirdParty:1030 - CMSIS Pack Vendor :STMicroelectronics X-CUBE-SFXS2LP1 4.0.0
2024-03-06 09:18:40,627 [INFO] ThirdParty:1030 - CMSIS Pack Vendor :STMicroelectronics X-CUBE-BLE2 3.3.0
2024-03-06 09:18:40,627 [INFO] ThirdParty:1030 - CMSIS Pack Vendor :STMicroelectronics PDM2PCM 3.2.0
2024-03-06 09:18:40,627 [INFO] ThirdParty:841 - exiting critical section [change project]
2024-03-06 09:18:41,463 [INFO] PinOutPanel:1499 - setPackage(No Configuration,No Configuration)
2024-03-06 09:18:41,464 [INFO] PinOutPanel:1499 - setPackage(STM32F407ZGTx,LQFP144)
2024-03-06 09:18:42,066 [INFO] UtilMem:75 - Before build in PCC Used Memory: 271344248 Bytes (549453824)
2024-03-06 09:18:43,347 [INFO] UtilMem:75 - After build in PCC Used Memory: 419972296 Bytes (549453824)
2024-03-06 09:18:43,538 [INFO] ApiDbMcu:508 - Load IP Config File for FREERTOS
2024-03-06 09:18:43,570 [INFO] IPUIPlugin:80 - create IPUIPlugin
2024-03-06 09:18:43,570 [INFO] IPUIPlugin:80 - create IPUIPlugin
2024-03-06 09:18:43,570 [INFO] IPUIPlugin:80 - create IPUIPlugin
2024-03-06 09:18:43,570 [INFO] IPUIPlugin:80 - create IPUIPlugin
2024-03-06 09:18:43,570 [INFO] IPUIPlugin:80 - create IPUIPlugin
2024-03-06 09:18:43,571 [INFO] IPUIPlugin:80 - create IPUIPlugin
2024-03-06 09:18:43,571 [INFO] IPUIPlugin:80 - create IPUIPlugin
2024-03-06 09:18:43,571 [INFO] IPUIPlugin:80 - create IPUIPlugin
2024-03-06 09:18:43,571 [INFO] IPUIPlugin:80 - create IPUIPlugin
2024-03-06 09:18:43,571 [INFO] IPUIPlugin:80 - create IPUIPlugin
2024-03-06 09:18:43,571 [INFO] IPUIPlugin:80 - create IPUIPlugin
2024-03-06 09:18:43,571 [INFO] IPUIPlugin:80 - create IPUIPlugin
2024-03-06 09:18:43,573 [INFO] IPUIPlugin:80 - create IPUIPlugin
2024-03-06 09:18:43,573 [INFO] IPUIPlugin:80 - create IPUIPlugin
2024-03-06 09:18:43,573 [INFO] IPUIPlugin:80 - create IPUIPlugin
2024-03-06 09:18:43,573 [INFO] IPUIPlugin:80 - create IPUIPlugin
2024-03-06 09:18:43,573 [INFO] IPUIPlugin:80 - create IPUIPlugin
2024-03-06 09:18:43,573 [INFO] IPUIPlugin:80 - create IPUIPlugin
2024-03-06 09:18:43,573 [INFO] IPUIPlugin:80 - create IPUIPlugin
2024-03-06 09:18:43,573 [INFO] IPUIPlugin:80 - create IPUIPlugin
2024-03-06 09:18:43,573 [INFO] IPUIPlugin:80 - create IPUIPlugin
2024-03-06 09:18:43,573 [INFO] IPUIPlugin:80 - create IPUIPlugin
2024-03-06 09:18:43,574 [INFO] IPUIPlugin:80 - create IPUIPlugin
2024-03-06 09:18:43,574 [INFO] IPUIPlugin:80 - create IPUIPlugin
2024-03-06 09:18:43,574 [INFO] IPUIPlugin:80 - create IPUIPlugin
2024-03-06 09:18:43,574 [INFO] IPUIPlugin:80 - create IPUIPlugin
2024-03-06 09:18:43,587 [INFO] IPUIPlugin:80 - create IPUIPlugin
2024-03-06 09:18:43,587 [INFO] IPUIPlugin:80 - create IPUIPlugin
2024-03-06 09:18:43,587 [INFO] IPUIPlugin:80 - create IPUIPlugin
2024-03-06 09:18:43,587 [INFO] IPUIPlugin:80 - create IPUIPlugin
2024-03-06 09:18:43,589 [INFO] IPUIPlugin:80 - create IPUIPlugin
2024-03-06 09:18:43,589 [INFO] IPUIPlugin:80 - create IPUIPlugin
2024-03-06 09:18:43,589 [INFO] IPUIPlugin:80 - create IPUIPlugin
2024-03-06 09:18:43,589 [INFO] IPUIPlugin:80 - create IPUIPlugin
2024-03-06 09:18:43,589 [INFO] IPUIPlugin:80 - create IPUIPlugin
2024-03-06 09:18:43,589 [INFO] IPUIPlugin:80 - create IPUIPlugin
2024-03-06 09:18:43,589 [INFO] IPUIPlugin:80 - create IPUIPlugin
2024-03-06 09:18:43,590 [INFO] IPUIPlugin:80 - create IPUIPlugin
2024-03-06 09:18:43,590 [INFO] IPUIPlugin:80 - create IPUIPlugin
2024-03-06 09:18:43,590 [INFO] IPUIPlugin:80 - create IPUIPlugin
2024-03-06 09:18:43,591 [INFO] IPUIPlugin:80 - create IPUIPlugin
2024-03-06 09:18:43,591 [INFO] IPUIPlugin:80 - create IPUIPlugin
2024-03-06 09:18:43,591 [INFO] IPUIPlugin:80 - create IPUIPlugin
2024-03-06 09:18:43,593 [INFO] IPUIPlugin:80 - create IPUIPlugin
2024-03-06 09:18:43,593 [INFO] IPUIPlugin:80 - create IPUIPlugin
2024-03-06 09:18:43,593 [INFO] IPUIPlugin:80 - create IPUIPlugin
2024-03-06 09:18:43,594 [INFO] IPUIPlugin:80 - create IPUIPlugin
2024-03-06 09:18:43,594 [INFO] IPUIPlugin:80 - create IPUIPlugin
2024-03-06 09:18:43,595 [INFO] IPUIPlugin:80 - create IPUIPlugin
2024-03-06 09:18:43,595 [INFO] IPUIPlugin:80 - create IPUIPlugin
2024-03-06 09:18:43,595 [INFO] IPUIPlugin:80 - create IPUIPlugin
2024-03-06 09:18:43,596 [INFO] IPUIPlugin:80 - create IPUIPlugin
2024-03-06 09:18:43,596 [INFO] IPUIPlugin:80 - create IPUIPlugin
2024-03-06 09:18:43,596 [INFO] IPUIPlugin:80 - create IPUIPlugin
2024-03-06 09:18:43,597 [INFO] IPUIPlugin:80 - create IPUIPlugin
2024-03-06 09:18:43,598 [INFO] IPUIPlugin:80 - create IPUIPlugin
2024-03-06 09:18:43,598 [INFO] IPUIPlugin:80 - create IPUIPlugin
2024-03-06 09:18:43,598 [INFO] IPUIPlugin:80 - create IPUIPlugin
2024-03-06 09:18:43,671 [INFO] ApiDbMcu:508 - Load IP Config File for PDM2PCM
2024-03-06 09:18:43,750 [WARN] FreeRTOS:1023 - Null or empty value: should not occur! (nothing added to the table)
2024-03-06 09:18:44,059 [INFO] CADModel:165 - CPN selected for project levelSTM32F407ZGT6
2024-03-06 09:18:44,059 [INFO] CADModel:114 - Register for checkConnection events
2024-03-06 09:18:44,063 [INFO] RtosManager:697 - Active RTOS found at IOC load: FREERTOS [Cortex-M4NS]
2024-03-06 09:18:44,115 [INFO] OpenFileManager:343 - Restore cursor
2024-03-06 09:18:55,328 [ERROR] LogOutputStream:75 - [STDERR_REDIRECT] SLF4J: Failed to load class "org.slf4j.impl.StaticLoggerBinder".
2024-03-06 09:18:55,330 [ERROR] LogOutputStream:75 - [STDERR_REDIRECT] SLF4J: Defaulting to no-operation (NOP) logger implementation
2024-03-06 09:18:55,333 [ERROR] LogOutputStream:75 - [STDERR_REDIRECT] SLF4J: See http://www.slf4j.org/codes.html#StaticLoggerBinder for further details.
2024-03-06 09:19:53,370 [INFO] UtilMem:75 - End SaveConfig() Used Memory: 875231784 Bytes (1058013184)
2024-03-06 09:19:55,566 [INFO] UtilMem:75 - End SaveConfig() Used Memory: 662957272 Bytes (1058013184)
2024-03-06 09:19:58,015 [INFO] UtilMem:75 - End SaveConfig() Used Memory: 670727920 Bytes (1058013184)
2024-03-06 09:20:12,715 [INFO] BlockDiagram:2759 - set Specific Code input for plugin: FREERTOS
2024-03-06 09:20:12,716 [INFO] BlockDiagram:2759 - set Specific Code input for plugin: SYS
2024-03-06 09:20:12,716 [INFO] BlockDiagram:2759 - set Specific Code input for plugin: RCC
2024-03-06 09:20:12,716 [INFO] BlockDiagram:2759 - set Specific Code input for plugin: NVIC
2024-03-06 09:20:12,716 [INFO] BlockDiagram:2759 - set Specific Code input for plugin: USART
2024-03-06 09:20:12,716 [INFO] BlockDiagram:2759 - set Specific Code input for plugin: GPIO
2024-03-06 09:20:12,717 [INFO] CodeGenerator:807 - code generatio: config db path: E:\software\stm3214\STM32CubeIDE_1.14.1\STM32CubeIDE\plugins\com.st.stm32cube.common.mx_6.10.0.202311202037\\db\
2024-03-06 09:20:13,251 [INFO] CodeEngine:255 - oldGeneratedFile, D:\STM\CMSIS\Project2\MXTmpFiles\license.tmp_save
2024-03-06 09:20:13,778 [INFO] CodeEngine:279 - Generated code: D:\STM\CMSIS\Project2\MXTmpFiles\license.tmp
2024-03-06 09:20:14,079 [INFO] CodeEngine:255 - oldGeneratedFile, D:\STM\CMSIS\Project2\MXTmpFiles\gpio.tmp_save
2024-03-06 09:20:14,227 [INFO] CodeEngine:279 - Generated code: D:\STM\CMSIS\Project2\MXTmpFiles\gpio.tmp
2024-03-06 09:20:14,491 [INFO] Middleware:1439 - No code input for Bsp Dependency
2024-03-06 09:20:14,507 [INFO] CodeEngine:255 - oldGeneratedFile, D:\STM\CMSIS\Project2\MXTmpFiles\rtos_inc.tmp_save
2024-03-06 09:20:14,614 [INFO] CodeEngine:279 - Generated code: D:\STM\CMSIS\Project2\MXTmpFiles\rtos_inc.tmp
2024-03-06 09:20:14,631 [INFO] CodeEngine:255 - oldGeneratedFile, D:\STM\CMSIS\Project2\MXTmpFiles\rtos_vars.tmp_save
2024-03-06 09:20:14,738 [INFO] CodeEngine:279 - Generated code: D:\STM\CMSIS\Project2\MXTmpFiles\rtos_vars.tmp
2024-03-06 09:20:14,749 [INFO] CodeEngine:255 - oldGeneratedFile, D:\STM\CMSIS\Project2\MXTmpFiles\rtos_pfp.tmp_save
2024-03-06 09:20:14,854 [INFO] CodeEngine:279 - Generated code: D:\STM\CMSIS\Project2\MXTmpFiles\rtos_pfp.tmp
2024-03-06 09:20:14,870 [INFO] CodeEngine:255 - oldGeneratedFile, D:\STM\CMSIS\Project2\MXTmpFiles\rtos_obj_creat.tmp_save
2024-03-06 09:20:14,975 [INFO] CodeEngine:279 - Generated code: D:\STM\CMSIS\Project2\MXTmpFiles\rtos_obj_creat.tmp
2024-03-06 09:20:14,992 [INFO] CodeEngine:255 - oldGeneratedFile, D:\STM\CMSIS\Project2\MXTmpFiles\rtos_kernelStart.tmp_save
2024-03-06 09:20:15,070 [INFO] CodeEngine:279 - Generated code: D:\STM\CMSIS\Project2\MXTmpFiles\rtos_kernelStart.tmp
2024-03-06 09:20:15,115 [INFO] CodeEngine:255 - oldGeneratedFile, D:\STM\CMSIS\Project2\MXTmpFiles\rtos_default_thread.tmp_save
2024-03-06 09:20:15,205 [INFO] CodeEngine:279 - Generated code: D:\STM\CMSIS\Project2\MXTmpFiles\rtos_default_thread.tmp
2024-03-06 09:20:15,215 [INFO] CodeEngine:255 - oldGeneratedFile, D:\STM\CMSIS\Project2\MXTmpFiles\rtos_threads.tmp_save
2024-03-06 09:20:15,291 [INFO] CodeEngine:279 - Generated code: D:\STM\CMSIS\Project2\MXTmpFiles\rtos_threads.tmp
2024-03-06 09:20:15,300 [INFO] Middleware:1439 - No code input for Bsp Dependency
2024-03-06 09:20:15,309 [INFO] CodeEngine:255 - oldGeneratedFile, D:\STM\CMSIS\Project2\MXTmpFiles\rtos_inc.tmp_save
2024-03-06 09:20:15,387 [INFO] CodeEngine:279 - Generated code: D:\STM\CMSIS\Project2\MXTmpFiles\rtos_inc.tmp
2024-03-06 09:20:15,391 [INFO] CodeEngine:255 - oldGeneratedFile, D:\STM\CMSIS\Project2\MXTmpFiles\rtos_vars.tmp_save
2024-03-06 09:20:15,443 [INFO] CodeEngine:279 - Generated code: D:\STM\CMSIS\Project2\MXTmpFiles\rtos_vars.tmp
2024-03-06 09:20:15,446 [INFO] CodeEngine:255 - oldGeneratedFile, D:\STM\CMSIS\Project2\MXTmpFiles\rtos_pfp.tmp_save
2024-03-06 09:20:15,509 [INFO] CodeEngine:279 - Generated code: D:\STM\CMSIS\Project2\MXTmpFiles\rtos_pfp.tmp
2024-03-06 09:20:15,525 [INFO] CodeEngine:255 - oldGeneratedFile, D:\STM\CMSIS\Project2\MXTmpFiles\rtos_obj_creat.tmp_save
2024-03-06 09:20:15,626 [INFO] CodeEngine:279 - Generated code: D:\STM\CMSIS\Project2\MXTmpFiles\rtos_obj_creat.tmp
2024-03-06 09:20:15,639 [INFO] CodeEngine:255 - oldGeneratedFile, D:\STM\CMSIS\Project2\MXTmpFiles\rtos_kernelStart.tmp_save
2024-03-06 09:20:15,711 [INFO] CodeEngine:279 - Generated code: D:\STM\CMSIS\Project2\MXTmpFiles\rtos_kernelStart.tmp
2024-03-06 09:20:15,714 [INFO] CodeEngine:255 - oldGeneratedFile, D:\STM\CMSIS\Project2\MXTmpFiles\rtos_default_thread.tmp_save
2024-03-06 09:20:15,768 [INFO] CodeEngine:279 - Generated code: D:\STM\CMSIS\Project2\MXTmpFiles\rtos_default_thread.tmp
2024-03-06 09:20:15,771 [INFO] CodeEngine:255 - oldGeneratedFile, D:\STM\CMSIS\Project2\MXTmpFiles\rtos_threads.tmp_save
2024-03-06 09:20:15,820 [INFO] CodeEngine:279 - Generated code: D:\STM\CMSIS\Project2\MXTmpFiles\rtos_threads.tmp
2024-03-06 09:20:15,911 [INFO] CodeEngine:255 - oldGeneratedFile, D:\STM\CMSIS\Project2\Core\Inc\FreeRTOSConfig.h_save
2024-03-06 09:20:16,025 [INFO] CodeEngine:279 - Generated code: D:\STM\CMSIS\Project2\Core\Inc\FreeRTOSConfig.h
2024-03-06 09:20:16,049 [INFO] CodeEngine:255 - oldGeneratedFile, D:\STM\CMSIS\Project2\Core\Src\freertos.c_save
2024-03-06 09:20:16,243 [INFO] CodeEngine:279 - Generated code: D:\STM\CMSIS\Project2\Core\Src\freertos.c
2024-03-06 09:20:16,291 [INFO] CodeEngine:255 - oldGeneratedFile, D:\STM\CMSIS\Project2\Core\Src\stm32f4xx_it.c_save
2024-03-06 09:20:16,457 [INFO] CodeEngine:279 - Generated code: D:\STM\CMSIS\Project2\Core\Src\stm32f4xx_it.c
2024-03-06 09:20:16,473 [INFO] CodeEngine:255 - oldGeneratedFile, D:\STM\CMSIS\Project2\Core\Inc\stm32f4xx_it.h_save
2024-03-06 09:20:16,552 [INFO] CodeEngine:279 - Generated code: D:\STM\CMSIS\Project2\Core\Inc\stm32f4xx_it.h
2024-03-06 09:20:16,632 [INFO] CodeEngine:255 - oldGeneratedFile, D:\STM\CMSIS\Project2\Core\Src\stm32f4xx_hal_msp.c_save
2024-03-06 09:20:16,800 [INFO] CodeEngine:279 - Generated code: D:\STM\CMSIS\Project2\Core\Src\stm32f4xx_hal_msp.c
2024-03-06 09:20:16,809 [INFO] CodeEngine:255 - oldGeneratedFile, D:\STM\CMSIS\Project2\MXTmpFiles\system.tmp_save
2024-03-06 09:20:16,870 [INFO] CodeEngine:279 - Generated code: D:\STM\CMSIS\Project2\MXTmpFiles\system.tmp
2024-03-06 09:20:16,888 [INFO] CodeEngine:255 - oldGeneratedFile, D:\STM\CMSIS\Project2\Core\Src\stm32f4xx_hal_timebase_tim.c_save
2024-03-06 09:20:16,989 [INFO] CodeEngine:279 - Generated code: D:\STM\CMSIS\Project2\Core\Src\stm32f4xx_hal_timebase_tim.c
2024-03-06 09:20:17,040 [INFO] CodeEngine:311 - oldGeneratedFile, D:\STM\CMSIS\Project2\Core\Inc\stm32f4xx_hal_conf.h_save
2024-03-06 09:20:17,163 [INFO] CodeEngine:335 - Generated code: D:\STM\CMSIS\Project2\Core\Inc\stm32f4xx_hal_conf.h
2024-03-06 09:20:17,221 [INFO] CodeEngine:255 - oldGeneratedFile, D:\STM\CMSIS\Project2\Core\Inc\main.h_save
2024-03-06 09:20:17,319 [INFO] CodeEngine:279 - Generated code: D:\STM\CMSIS\Project2\Core\Inc\main.h
2024-03-06 09:20:17,339 [INFO] CodeEngine:255 - oldGeneratedFile, D:\STM\CMSIS\Project2\Core\Src\main.c_save
2024-03-06 09:20:17,490 [INFO] CodeEngine:279 - Generated code: D:\STM\CMSIS\Project2\Core\Src\main.c
2024-03-06 09:20:18,189 [INFO] ProjectBuilder:3076 - Time for Copy HAL[1] : 297mS.
2024-03-06 09:20:18,196 [INFO] ProjectBuilder:4485 - Project Generator version: 4.2.0-B44
2024-03-06 09:20:18,455 [INFO] ConfigFileManager:1495 - The Die is : DIE413
2024-03-06 09:20:18,503 [INFO] ApiDbMcu:508 - Load IP Config File for FATFS
2024-03-06 09:20:18,526 [INFO] ApiDbMcu:508 - Load IP Config File for LIBJPEG
2024-03-06 09:20:18,563 [INFO] ApiDbMcu:508 - Load IP Config File for LWIP
2024-03-06 09:20:18,582 [INFO] ApiDbMcu:508 - Load IP Config File for MBEDTLS
2024-03-06 09:20:18,629 [INFO] ApiDbMcu:508 - Load IP Config File for USB_DEVICE
2024-03-06 09:20:18,733 [INFO] ApiDbMcu:508 - Load IP Config File for USB_HOST
2024-03-06 09:20:20,259 [INFO] LogOutputStream:77 - [STDOUT_REDIRECT] 
2024-03-06 09:20:23,025 [INFO] ProjectBuilder:4747 - Time for Generating toolchain IDE Files: 4829mS.
2024-03-06 09:20:23,026 [INFO] ProjectBuilder:2947 - Time for Copy CMSIS : 1mS.
2024-03-06 09:20:23,030 [INFO] ProjectBuilder:2947 - Time for Copy CMSIS : 1mS.
2024-03-06 09:20:32,568 [INFO] MainUpdater:2873 - connection check result : 10
2024-03-06 09:20:32,568 [INFO] MainUpdater:2873 - connection check result : 10
2024-03-06 09:20:32,601 [INFO] MicroXplorer:468 - Change Database Path : 
2024-03-06 09:20:32,601 [INFO] MicroXplorer:498 - Change Database Version : DB.6.0.100
2024-03-06 09:20:32,613 [ERROR] ProjectManagerView:394 - 
java.lang.NullPointerException: Cannot invoke "javax.swing.JTextField.getText()" because the return value of "java.util.List.get(int)" is null
	at com.st.microxplorer.plugins.projectmanager.gui.ProjectChoiceTab$10.caretUpdate(ProjectChoiceTab.java:2493) ~[filemanager.jar:?]
	at javax.swing.text.JTextComponent.fireCaretUpdate(JTextComponent.java:412) ~[?:?]
	at javax.swing.text.JTextComponent$MutableCaretEvent.fire(JTextComponent.java:4491) ~[?:?]
	at javax.swing.text.JTextComponent$MutableCaretEvent.stateChanged(JTextComponent.java:4513) ~[?:?]
	at javax.swing.text.DefaultCaret.fireStateChanged(DefaultCaret.java:842) ~[?:?]
	at javax.swing.text.DefaultCaret.changeCaretPosition(DefaultCaret.java:1313) ~[?:?]
	at javax.swing.text.DefaultCaret.handleSetDot(DefaultCaret.java:1212) ~[?:?]
	at javax.swing.text.DefaultCaret.setDot(DefaultCaret.java:1193) ~[?:?]
	at javax.swing.text.DefaultCaret$Handler.insertUpdate(DefaultCaret.java:1789) ~[?:?]
	at javax.swing.text.AbstractDocument.fireInsertUpdate(AbstractDocument.java:226) ~[?:?]
	at javax.swing.text.AbstractDocument.handleInsertString(AbstractDocument.java:780) ~[?:?]
	at javax.swing.text.AbstractDocument.insertString(AbstractDocument.java:739) ~[?:?]
	at javax.swing.text.PlainDocument.insertString(PlainDocument.java:131) ~[?:?]
	at javax.swing.text.AbstractDocument.replace(AbstractDocument.java:698) ~[?:?]
	at javax.swing.text.JTextComponent.setText(JTextComponent.java:1729) ~[?:?]
	at com.st.microxplorer.plugins.projectmanager.gui.ProjectChoiceTab.createHeapStackFields(ProjectChoiceTab.java:933) ~[filemanager.jar:?]
	at com.st.microxplorer.plugins.projectmanager.gui.ProjectChoiceTab.buildLinkSettingsPanel(ProjectChoiceTab.java:3426) ~[filemanager.jar:?]
	at com.st.microxplorer.plugins.projectmanager.gui.ProjectChoiceTab.defineWindowsFields(ProjectChoiceTab.java:1813) ~[filemanager.jar:?]
	at com.st.microxplorer.plugins.projectmanager.gui.ProjectChoiceTab.updateSettings(ProjectChoiceTab.java:533) ~[filemanager.jar:?]
	at com.st.microxplorer.plugins.projectmanager.gui.ProjectSettingsPanel.UpdateDialog(ProjectSettingsPanel.java:244) ~[filemanager.jar:?]
	at com.st.microxplorer.plugins.projectmanager.ProjectManagerView.propertyChange(ProjectManagerView.java:391) ~[filemanager.jar:?]
	at java.beans.PropertyChangeSupport.fire(PropertyChangeSupport.java:343) ~[?:?]
	at java.beans.PropertyChangeSupport.firePropertyChange(PropertyChangeSupport.java:335) ~[?:?]
	at java.beans.PropertyChangeSupport.firePropertyChange(PropertyChangeSupport.java:268) ~[?:?]
	at com.st.microxplorer.util.MXPropertyChangeSupport.firePropertyChange(MXPropertyChangeSupport.java:54) ~[STM32CubeMX.jar:?]
	at com.st.microxplorer.mxsystem.MxSystem.closeConfig(MxSystem.java:900) ~[STM32CubeMX.jar:?]
	at com.st.microxplorer.maingui.MainPanel.closeConfig(MainPanel.java:776) ~[STM32CubeMX.jar:?]
	at com.st.microxplorer.plugins.filemanager.engine.OpenFileManager.loadConfigurationFile(OpenFileManager.java:245) ~[filemanager.jar:?]
	at com.st.microxplorer.plugins.filemanager.engine.MainFileManager.userLoadConfig(MainFileManager.java:290) ~[filemanager.jar:?]
	at com.st.microxplorer.plugins.filemanager.FileManagerView.getSpecificTask(FileManagerView.java:247) ~[filemanager.jar:?]
	at com.st.stm32cube.common.mx.editor.CubeMxEditor.getMxTabbedPaneInstance(CubeMxEditor.java:1184) ~[com.st.stm32cube.common.mx_6.10.0.202311202037/:?]
	at com.st.stm32cube.common.mx.editor.CubeMxEditor$12$1.createSwingComponent(CubeMxEditor.java:1065) ~[com.st.stm32cube.common.mx_6.10.0.202311202037/:?]
	at com.st.stm32cube.common.mx.oss.core.awtswtbridge.EmbeddedSwingComposite.doComponentCreation(EmbeddedSwingComposite.java:492) ~[com.st.stm32cube.common.mx.oss_6.10.0.202311202037/:?]
	at com.st.stm32cube.common.mx.oss.core.awtswtbridge.EmbeddedSwingComposite$4.run(EmbeddedSwingComposite.java:291) ~[com.st.stm32cube.common.mx.oss_6.10.0.202311202037/:?]
	at com.st.stm32cube.common.mx.oss.core.awtswtbridge.AwtEnvironment$2.run(AwtEnvironment.java:166) ~[com.st.stm32cube.common.mx.oss_6.10.0.202311202037/:?]
	at java.awt.event.InvocationEvent.dispatch(InvocationEvent.java:318) ~[?:?]
	at java.awt.EventQueue.dispatchEventImpl(EventQueue.java:773) ~[?:?]
	at java.awt.EventQueue$4.run(EventQueue.java:720) ~[?:?]
	at java.awt.EventQueue$4.run(EventQueue.java:714) ~[?:?]
	at java.security.AccessController.doPrivileged(AccessController.java:399) ~[?:?]
	at java.security.ProtectionDomain$JavaSecurityAccessImpl.doIntersectionPrivilege(ProtectionDomain.java:86) ~[?:?]
	at java.awt.EventQueue.dispatchEvent(EventQueue.java:742) ~[?:?]
	at java.awt.EventDispatchThread.pumpOneEventForFilters(EventDispatchThread.java:203) ~[?:?]
	at java.awt.EventDispatchThread.pumpEventsForFilter(EventDispatchThread.java:124) ~[?:?]
	at java.awt.EventDispatchThread.pumpEventsForHierarchy(EventDispatchThread.java:113) ~[?:?]
	at java.awt.EventDispatchThread.pumpEvents(EventDispatchThread.java:109) ~[?:?]
	at java.awt.EventDispatchThread.pumpEvents(EventDispatchThread.java:101) ~[?:?]
	at java.awt.EventDispatchThread.run(EventDispatchThread.java:90) ~[?:?]
2024-03-06 09:20:32,686 [WARN] ThirdParty:871 - waiting for thirdparty lock release [close project]
2024-03-06 09:20:32,686 [INFO] ThirdParty:873 - entering critical section [close project]
2024-03-06 09:20:32,686 [INFO] ThirdParty:883 - exiting critical section [close project]
2024-03-06 09:20:32,690 [INFO] PinOutPanel:1499 - setPackage(No Configuration,No Configuration)
2024-03-06 09:20:32,697 [WARN] IpParametersView:151 - Warning: This peripheral hasn't parameters
2024-03-06 09:20:32,701 [WARN] MainPanel:272 - <html><b><center>Warning: This peripheral has no parameters to be configured<br></b></html>
2024-03-06 09:20:32,723 [INFO] UtilMem:75 - Begin LoadConfig() Used Memory: 803288376 Bytes (1073741824)
2024-03-06 09:20:32,723 [INFO] MicroXplorer:468 - Change Database Path : 
2024-03-06 09:20:32,723 [INFO] MicroXplorer:498 - Change Database Version : DB.6.0.100
2024-03-06 09:20:32,723 [INFO] OpenFileManager:312 - Change cursor
2024-03-06 09:20:32,726 [ERROR] BinarySerializedPreferences:82 - Cannot save pack preferences: C:\Users\hahuy\.stm32cubemx\plugins\thirdparty\preferences\thirdparty.prefs (Access is denied)
2024-03-06 09:20:32,739 [INFO] RulesReader:64 - Compatibility file has been processed (297 Rules)
2024-03-06 09:20:32,742 [INFO] Mcu:2016 - Initializing MCU STM32F407Z(E-G)Tx STM32F407ZGTx STM32F407ZGT6
2024-03-06 09:20:34,073 [INFO] Context:659 - Trying to add GPIOservice into a context  which must be forbidden
2024-03-06 09:20:34,489 [INFO] RtosManager:555 - Registered RTOS mode: class=CMSIS, group=RTOS, mode=CMSIS_V1, owner=FREERTOS
2024-03-06 09:20:34,489 [INFO] RtosManager:555 - Registered RTOS mode: class=CMSIS, group=RTOS2, mode=CMSIS_V2, owner=FREERTOS
2024-03-06 09:20:34,489 [INFO] RtosManager:555 - Registered RTOS mode: class=RTOS, group=Core, mode=CMSIS_V1, owner=FREERTOS
2024-03-06 09:20:34,489 [INFO] RtosManager:555 - Registered RTOS mode: class=RTOS, group=Core, mode=CMSIS_V2, owner=FREERTOS
2024-03-06 09:20:34,489 [WARN] ModelIntegratedComponent:184 - Missing modes for component STMicroelectronics:FreeRTOS:0.0.1:STMicroelectronics:RTOS:FreeRTOS:Core:::10.2.0:
2024-03-06 09:20:34,498 [WARN] ModelIntegratedComponent:63 - No mode defined for component null
2024-03-06 09:20:34,498 [WARN] ModelIntegratedComponent:63 - No mode defined for component null
2024-03-06 09:20:34,498 [WARN] ModelIntegratedComponent:63 - No mode defined for component null
2024-03-06 09:20:34,499 [WARN] ModelIntegratedComponent:63 - No mode defined for component null
2024-03-06 09:20:34,499 [WARN] ModelIntegratedComponent:63 - No mode defined for component null
2024-03-06 09:20:34,499 [WARN] ModelIntegratedComponent:63 - No mode defined for component null
2024-03-06 09:20:34,499 [WARN] ModelIntegratedComponent:63 - No mode defined for component null
2024-03-06 09:20:34,499 [WARN] ModelIntegratedComponent:63 - No mode defined for component null
2024-03-06 09:20:34,499 [WARN] ModelIntegratedComponent:63 - No mode defined for component null
2024-03-06 09:20:34,499 [WARN] ModelIntegratedComponent:63 - No mode defined for component null
2024-03-06 09:20:34,499 [WARN] ModelIntegratedComponent:63 - No mode defined for component null
2024-03-06 09:20:34,499 [WARN] ModelIntegratedComponent:63 - No mode defined for component null
2024-03-06 09:20:34,499 [WARN] ModelIntegratedComponent:63 - No mode defined for component null
2024-03-06 09:20:34,499 [WARN] ModelIntegratedComponent:63 - No mode defined for component null
2024-03-06 09:20:34,499 [WARN] ModelIntegratedComponent:63 - No mode defined for component null
2024-03-06 09:20:34,499 [WARN] ModelIntegratedComponent:63 - No mode defined for component null
2024-03-06 09:20:34,499 [WARN] ModelIntegratedComponent:63 - No mode defined for component null
2024-03-06 09:20:34,499 [WARN] ModelIntegratedComponent:63 - No mode defined for component null
2024-03-06 09:20:34,499 [WARN] ModelIntegratedComponent:63 - No mode defined for component null
2024-03-06 09:20:34,499 [WARN] ModelIntegratedComponent:63 - No mode defined for component null
2024-03-06 09:20:34,499 [WARN] ModelIntegratedComponent:63 - No mode defined for component null
2024-03-06 09:20:34,499 [WARN] ModelIntegratedComponent:63 - No mode defined for component null
2024-03-06 09:20:34,499 [WARN] ModelIntegratedComponent:63 - No mode defined for component null
2024-03-06 09:20:34,499 [WARN] ModelIntegratedComponent:63 - No mode defined for component null
2024-03-06 09:20:34,499 [WARN] ModelIntegratedComponent:63 - No mode defined for component null
2024-03-06 09:20:34,499 [WARN] ModelIntegratedComponent:63 - No mode defined for component null
2024-03-06 09:20:34,499 [WARN] ModelIntegratedComponent:63 - No mode defined for component null
2024-03-06 09:20:34,499 [WARN] ModelIntegratedComponent:63 - No mode defined for component null
2024-03-06 09:20:34,499 [WARN] ModelIntegratedComponent:63 - No mode defined for component null
2024-03-06 09:20:34,500 [WARN] ModelIntegratedComponent:63 - No mode defined for component null
2024-03-06 09:20:34,500 [WARN] ModelIntegratedComponent:63 - No mode defined for component null
2024-03-06 09:20:34,500 [WARN] ModelIntegratedComponent:63 - No mode defined for component null
2024-03-06 09:20:34,500 [WARN] ModelIntegratedComponent:63 - No mode defined for component null
2024-03-06 09:20:34,511 [INFO] ThirdPartyModel:298 - Start build external matchings
2024-03-06 09:20:34,795 [INFO] ThirdPartyModel:316 - End build external matchings
2024-03-06 09:20:34,804 [INFO] RtosManager:919 - Current active RTOS is FREERTOS [Cortex-M4NS]
2024-03-06 09:20:34,808 [INFO] ImportTextPane:194 - (OptionalMessage_ERROR) IP (RCC) : Parameter (48MHZClocksFreq_Value) has invalid value (84000000)
2024-03-06 09:20:34,808 [INFO] ImportTextPane:194 - (OptionalMessage_ERROR) IP (RCC) : Parameter (RTCHSEDivFreq_Value) has invalid value (4000000)
2024-03-06 09:20:35,053 [INFO] ApiDb:668 - CubeFinder database Data Model version=2.1
2024-03-06 09:20:35,053 [INFO] ApiDb:669 - CubeFinder database Configuration version=3.0.39
2024-03-06 09:20:35,053 [INFO] ApiDb:670 - CubeFinder database generation date=2024-02-19 (1708350410)
2024-03-06 09:20:35,053 [INFO] ApiDb:671 - CubeFinder database FW Pack versions=[FP-ATR-ASTRA1_V2.0.0, FP-SNS-FLIGHT1_V5.0.1, FP-SNS-FLIGHT1_V5.0.2, FP-SNS-MOTENV1_V4.3.1, FP-SNS-MOTENV1_V4.3.2, FP-SNS-MOTENVWB1_V1.3.1, FP-SNS-SMARTAG2_V1.2.0, STM32Cube_FW_C0_V1.1.0, STM32Cube_FW_F4_V1.28.0, STM32Cube_FW_F7_V1.17.0, STM32Cube_FW_G0_V1.6.2, STM32Cube_FW_G4_V1.5.2, STM32Cube_FW_H5_V0.5.1, STM32Cube_FW_H5_V1.1.1, STM32Cube_FW_H5_V1.2.0RC2, STM32Cube_FW_H7_V1.11.0, STM32Cube_FW_L0_V1.12.2, STM32Cube_FW_L5_V1.5.0, STM32Cube_FW_U5_V1.3.0RC4, STM32Cube_FW_U5_V1.4.0, STM32Cube_FW_WBA_V1.0.0RC1, STM32Cube_FW_WBA_V1.1.0RC1, STM32Cube_FW_WBA_V1.2.0, STM32Cube_FW_WBA_V1.2.0RC2, STM32Cube_FW_WB_V1.15.0RC1, STM32Cube_FW_WB_V1.16.0, STM32Cube_FW_WB_V1.16.0RC2, STM32Cube_FW_WB_V1.18.0, STM32Cube_FW_WL_V1.3.0, X-CUBE-ALGOBUILD_V1.3.0, X-CUBE-ALS_V1.0.1, X-CUBE-AZRTOS-F4_V1.1.0, X-CUBE-AZRTOS-F7_V1.1.0, X-CUBE-AZRTOS-G0_V1.1.0, X-CUBE-AZRTOS-G4_V2.0.0, X-CUBE-AZRTOS-H7_V3.2.0, X-CUBE-AZRTOS-L4_V1.0.0, X-CUBE-AZRTOS-L4_V2.0.0, X-CUBE-AZRTOS-L5_V1.1.0, X-CUBE-AZRTOS-WB_V2.0.0, X-CUBE-AZRTOS-WL_V2.0.0, X-CUBE-BLE1_V7.0.0, X-CUBE-BLE2_V3.3.0, X-CUBE-BLEMGR_V3.0.0, X-CUBE-EEPRMA1_V4.1.0, X-CUBE-EEPRMA1_V5.1.0, X-CUBE-FREERTOS_V1.1.0, X-CUBE-GNSS1_V6.0.0, X-CUBE-MEMS1_V10.0.0, X-CUBE-MEMS1_V9.1.0, X-CUBE-MEMS1_V9.4.0, X-CUBE-MEMS1_V9.6.0, X-CUBE-NFC4_V3.0.0, X-CUBE-NFC7_V1.0.1, X-CUBE-SFXS2LP1_V4.0.0, X-CUBE-SUBG2_V5.0.0, X-CUBE-TOF1_V3.4.0]
2024-03-06 09:20:35,128 [INFO] DbBoardsSqlite:226 - include board P-NUCLEO-WB55-NUCLEO as a kit item of type 'Nucleo-64'
2024-03-06 09:20:35,128 [INFO] DbBoardsSqlite:226 - include board P-NUCLEO-WB55-USBDONGLE as a kit item of type 'Nucleo USB Dongle'
2024-03-06 09:20:35,128 [INFO] DbBoardsSqlite:226 - include board STEVAL-IDP005V1 as a kit item of type 'Evaluation Board'
2024-03-06 09:20:35,128 [INFO] DbBoardsSqlite:226 - include board STEVAL-IDP005V2 as a kit item of type 'Evaluation Board'
2024-03-06 09:20:35,183 [INFO] ApiDb:240 - Found 371 in-development CPN: [B-G473E-ZEST1S, B-WB1M-WPAN1, B-WL5M-SUBG1, NUCLEO-C031C6, NUCLEO-H503RB, NUCLEO-H563ZI, NUCLEO-U545RE-Q, NUCLEO-U5A5ZJ-Q, NUCLEO-WBA52CG, NUCLEO-WBA55CG, STEVAL-MKBOXPRO, STEVAL-PROTEUS1, STEVAL-STWINBX1, STM320518-EVAL, STM32C0116-DK, STM32C011D6Y3TR, STM32C011D6Y6TR, STM32C011F4P3, STM32C011F4P6, STM32C011F4U3, STM32C011F4U6TR, STM32C011F6P3, STM32C011F6P6, STM32C011F6U3, STM32C011F6U6TR, STM32C011J4M3, STM32C011J4M6, STM32C011J6M3, STM32C011J6M6, STM32C0316-DK, STM32C031C4T3, STM32C031C4T6, STM32C031C4U3, STM32C031C4U6, STM32C031C6T3, STM32C031C6T6, STM32C031C6U3, STM32C031C6U6, STM32C031F4P3, STM32C031F4P6, STM32C031F6P3, STM32C031F6P6, STM32C031G4U3, STM32C031G4U6, STM32C031G6U3, STM32C031G6U6, STM32C031K4T3, STM32C031K4T6, STM32C031K4U3, STM32C031K4U6, STM32C031K6T3, STM32C031K6T6, STM32C031K6U3, STM32C031K6U6, STM32G071K8TXN, STM32G071K8UXN, STM32G081GBU6N, STM32G081KBT6N, STM32G081KBUXN, STM32G0B1CCT6N, STM32G0B1KCT6, STM32G0B1NEY6TR, STM32G0B1RCT6N, STM32G0C1CCT6, STM32G0C1CCT6N, STM32G0C1CCU6N, STM32G0C1CET6N, STM32G0C1CEU6N, STM32G0C1KCT6, STM32G0C1NEY6TR, STM32G0C1RCI6N, STM32G0C1RCT6N, STM32G0C1REI6N, STM32G0C1RET6N, STM32G0C1VCI6, STM32G0C1VEI6, STM32G471CCT6, STM32G471CCU6, STM32G471CET3, STM32G471CET6, STM32G471CEU3, STM32G471CEU6, STM32G471MCT6, STM32G471MET3, STM32G471MET6, STM32G471MEY6TR, STM32G471QCT6, STM32G471QET3, STM32G471RCT6, STM32G471RET3, STM32G471RET6, STM32G471VCH6, STM32G471VCI6, STM32G471VCT6, STM32G471VEH3, STM32G471VEH6, STM32G471VEI3, STM32G471VEI6, STM32G471VET3, STM32G471VET6, STM32G474CCT6, STM32H503CBT6, STM32H503CBU6, STM32H503EBY6TR, STM32H503KBU6, STM32H503RBT6, STM32H562AGI6, STM32H562AII6, STM32H562IGK6, STM32H562IGT6, STM32H562IIK6, STM32H562IIT6, STM32H562RGT6, STM32H562RGV6, STM32H562RIT6, STM32H562RIV6, STM32H562VGT6, STM32H562VIT6, STM32H562ZGT6, STM32H562ZIT6, STM32H563AGI6, STM32H563AII3Q, STM32H563AII6, STM32H563IGK6, STM32H563IGT6, STM32H563IIK3Q, STM32H563IIK6, STM32H563IIT3Q, STM32H563IIT6, STM32H563MIY3QTR, STM32H563RGT6, STM32H563RGV6, STM32H563RIT6, STM32H563RIV6, STM32H563VGT6, STM32H563VIT3Q, STM32H563VIT6, STM32H563ZGT6, STM32H563ZIT3Q, STM32H563ZIT6, STM32H573AII3Q, STM32H573AII6, STM32H573I-DK, STM32H573IIK3Q, STM32H573IIK6, STM32H573IIT3Q, STM32H573IIT6, STM32H573MIY3QTR, STM32H573RIT6, STM32H573RIV6, STM32H573VIT3Q, STM32H573VIT6, STM32H573ZIT3Q, STM32H573ZIT6, STM32L4R5QGI6STR, STM32MP131AAE3, STM32MP131AAF3, STM32MP131AAG3, STM32MP131CAE3, STM32MP131CAF3, STM32MP131CAG3, STM32MP131DAE7, STM32MP131DAF7, STM32MP131DAG7, STM32MP131FAE7, STM32MP131FAF7, STM32MP131FAG7, STM32MP133AAE3, STM32MP133AAF3, STM32MP133AAG3, STM32MP133CAE3, STM32MP133CAF3, STM32MP133CAG3, STM32MP133DAE7, STM32MP133DAF7, STM32MP133DAG7, STM32MP133FAE7, STM32MP133FAF7, STM32MP133FAG7, STM32MP135AAE3, STM32MP135AAF3, STM32MP135AAG3, STM32MP135CAE3, STM32MP135CAF3, STM32MP135CAG3, STM32MP135DAE7, STM32MP135DAF7, STM32MP135DAG7, STM32MP135F-DK, STM32MP135FAE7, STM32MP135FAF7, STM32MP135FAF7T, STM32MP135FAF7U, STM32MP135FAG7, STM32U535CBT6, STM32U535CBT6Q, STM32U535CBU6, STM32U535CBU6Q, STM32U535CCT6, STM32U535CCT6Q, STM32U535CCU6, STM32U535CCU6Q, STM32U535CET6, STM32U535CET6Q, STM32U535CEU6, STM32U535CEU6Q, STM32U535JEY6QTR, STM32U535NCY6QTR, STM32U535NEY6QTR, STM32U535RBI6, STM32U535RBI6Q, STM32U535RBT6, STM32U535RBT6Q, STM32U535RCI6, STM32U535RCI6Q, STM32U535RCT6, STM32U535RCT6Q, STM32U535REI6, STM32U535REI6Q, STM32U535RET6, STM32U535RET6Q, STM32U535VCI6, STM32U535VCI6Q, STM32U535VCT6, STM32U535VCT6Q, STM32U535VEI6, STM32U535VEI6Q, STM32U535VET6, STM32U535VET6Q, STM32U545CET6, STM32U545CET6Q, STM32U545CEU6, STM32U545CEU6Q, STM32U545JEY6QTR, STM32U545NEY6QTR, STM32U545REI6, STM32U545REI6Q, STM32U545RET6, STM32U545RET6Q, STM32U545VEI6, STM32U545VEI6Q, STM32U545VET6, STM32U545VET6Q, STM32U595AIH6, STM32U595AIH6Q, STM32U595AJH6, STM32U595AJH6Q, STM32U595QII6, STM32U595QII6Q, STM32U595QJI6, STM32U595QJI6Q, STM32U595RIT6, STM32U595RIT6Q, STM32U595RJT6, STM32U595RJT6Q, STM32U595VIT6, STM32U595VIT6Q, STM32U595VJT6, STM32U595VJT6Q, STM32U595ZIT6, STM32U595ZIT6Q, STM32U595ZIY6QTR, STM32U595ZJT6, STM32U595ZJT6Q, STM32U595ZJY6QTR, STM32U599BJY6QTR, STM32U599NIH6Q, STM32U599NJH6Q, STM32U599VIT6Q, STM32U599VJT6, STM32U599VJT6Q, STM32U599ZIT6Q, STM32U599ZIY6QTR, STM32U599ZJT6Q, STM32U599ZJY6QTR, STM32U5A5AJH6, STM32U5A5AJH6Q, STM32U5A5QJI6, STM32U5A5QJI6Q, STM32U5A5RJT6, STM32U5A5RJT6Q, STM32U5A5VJT6, STM32U5A5VJT6Q, STM32U5A5ZJT6, STM32U5A5ZJT6Q, STM32U5A5ZJY6QTR, STM32U5A9BJY6QTR, STM32U5A9J-DK, STM32U5A9NJH6Q, STM32U5A9VJT6Q, STM32U5A9ZJT6Q, STM32U5A9ZJY6QTR, STM32U5F7VIT6, STM32U5F7VIT6Q, STM32U5F7VJT6, STM32U5F7VJT6Q, STM32U5F9BJY6QTR, STM32U5F9NJH6Q, STM32U5F9VIT6Q, STM32U5F9VJT6Q, STM32U5F9ZIJ6QTR, STM32U5F9ZIT6Q, STM32U5F9ZJJ6QTR, STM32U5F9ZJT6Q, STM32U5G7VJT6, STM32U5G7VJT6Q, STM32U5G9BJY6QTR, STM32U5G9J-DK1, STM32U5G9J-DK2, STM32U5G9NJH6Q, STM32U5G9VJT6Q, STM32U5G9ZJJ6QTR, STM32U5G9ZJT6Q, STM32WB1MMCH6, STM32WBA50KEU6, STM32WBA50KEU6TR, STM32WBA50KGU6, STM32WBA50KGU6TR, STM32WBA52CEU6, STM32WBA52CEU6TR, STM32WBA52CEU7, STM32WBA52CEU7TR, STM32WBA52CGU6, STM32WBA52CGU6TR, STM32WBA52CGU6U, STM32WBA52CGU7, STM32WBA52CGU7TR, STM32WBA52KEU6, STM32WBA52KEU6TR, STM32WBA52KGU6, STM32WBA52KGU6TR, STM32WBA54CEU6, STM32WBA54CEU6TR, STM32WBA54CEU7, STM32WBA54CEU7TR, STM32WBA54CGU6, STM32WBA54CGU6TR, STM32WBA54CGU7, STM32WBA54CGU7TR, STM32WBA54KEU6, STM32WBA54KEU6TR, STM32WBA54KEU7, STM32WBA54KEU7TR, STM32WBA54KGU6, STM32WBA54KGU6TR, STM32WBA54KGU7, STM32WBA54KGU7TR, STM32WBA55CEU6, STM32WBA55CEU6TR, STM32WBA55CEU7, STM32WBA55CEU7TR, STM32WBA55CGU6, STM32WBA55CGU6TR, STM32WBA55CGU6U, STM32WBA55CGU7, STM32WBA55CGU7TR, STM32WBA55G-DK1, STM32WBA55HEF6, STM32WBA55HEF7, STM32WBA55HGF6, STM32WBA55HGF7, STM32WBA55UEI6, STM32WBA55UEI6TR, STM32WBA55UEI7, STM32WBA55UEI7TR, STM32WBA55UGI6, STM32WBA55UGI6TR, STM32WBA55UGI7, STM32WBA55UGI7TR, STM32WL5MOCH6, STM32WL5MOCH6TR]
2024-03-06 09:20:35,320 [INFO] BoardInfo:889 - No configuration file found for board P-NUCLEO-WB55
2024-03-06 09:20:35,320 [INFO] DbBoards:161 - Kit is not supported: P-NUCLEO-WB55
2024-03-06 09:20:35,323 [INFO] BoardInfo:889 - No configuration file found for board STEVAL-BFA001V1B
2024-03-06 09:20:35,323 [INFO] DbBoards:161 - Kit is not supported: STEVAL-BFA001V1B
2024-03-06 09:20:35,324 [INFO] BoardInfo:889 - No configuration file found for board STEVAL-BFA001V2B
2024-03-06 09:20:35,324 [INFO] DbBoards:161 - Kit is not supported: STEVAL-BFA001V2B
2024-03-06 09:20:35,414 [INFO] DbBoards:168 - Found 193 boards, 190 are supported
2024-03-06 09:20:35,414 [INFO] DbBoards:169 - Found 193 boards, 3 of them is supported for  Bsp
2024-03-06 09:20:35,419 [INFO] ApiDb:423 - Load user favorites file C:\Users\hahuy/.stm32cubeide/favorites.boards.txt: 0 item(s)
2024-03-06 09:20:35,420 [INFO] ApiDb:427 - User favorites Boards=[]
2024-03-06 09:20:35,420 [INFO] DbBoards:198 - Set 0 / 0 favorites Boards
2024-03-06 09:20:35,478 [INFO] UtilMem:75 - End LoadConfig() Used Memory: 809299568 Bytes (1073741824)
2024-03-06 09:20:35,524 [INFO] MicroXplorer:468 - Change Database Path : 
2024-03-06 09:20:35,524 [INFO] MicroXplorer:498 - Change Database Version : DB.6.0.100
2024-03-06 09:20:35,525 [WARN] ThirdParty:833 - waiting for thirdparty lock release [change project]
2024-03-06 09:20:35,525 [INFO] ThirdParty:835 - entering critical section [change project]
2024-03-06 09:20:35,525 [INFO] ThirdParty:1030 - CMSIS Pack Vendor :STMicroelectronics X-CUBE-ISPU 1.1.0
2024-03-06 09:20:35,525 [INFO] ThirdParty:1030 - CMSIS Pack Vendor :STMicroelectronics USBPD 4.1
2024-03-06 09:20:35,525 [INFO] ThirdParty:1030 - CMSIS Pack Vendor :STMicroelectronics X-CUBE-GNSS1 6.0.0
2024-03-06 09:20:35,525 [INFO] ThirdParty:1030 - CMSIS Pack Vendor :STMicroelectronics USB_HOST 2.0.0
2024-03-06 09:20:35,525 [INFO] ThirdParty:1030 - CMSIS Pack Vendor :STMicroelectronics X-CUBE-AZRTOS-F4 1.1.0
2024-03-06 09:20:35,525 [INFO] ThirdParty:1030 - CMSIS Pack Vendor :STMicroelectronics LIBJPEG 8.0.0
2024-03-06 09:20:35,525 [INFO] ThirdParty:1030 - CMSIS Pack Vendor :wolfSSL I-CUBE-wolfSSL 5.6.3
2024-03-06 09:20:35,525 [INFO] ThirdParty:1030 - CMSIS Pack Vendor :STMicroelectronics X-CUBE-SMBUS 2.1.0
2024-03-06 09:20:35,525 [INFO] ThirdParty:1030 - CMSIS Pack Vendor :STMicroelectronics USB_DEVICE 3.0.0
2024-03-06 09:20:35,525 [INFO] ThirdParty:1030 - CMSIS Pack Vendor :STMicroelectronics X-CUBE-AZRTOS-WB 2.0.0
2024-03-06 09:20:35,526 [INFO] ThirdParty:1030 - CMSIS Pack Vendor :STMicroelectronics X-CUBE-FREERTOS 1.0.1
2024-03-06 09:20:35,526 [INFO] ThirdParty:1030 - CMSIS Pack Vendor :STMicroelectronics X-CUBE-AZRTOS-F7 1.1.0
2024-03-06 09:20:35,526 [INFO] ThirdParty:1030 - CMSIS Pack Vendor :STMicroelectronics X-CUBE-AZRTOS-L5 2.0.0
2024-03-06 09:20:35,526 [INFO] ThirdParty:1030 - CMSIS Pack Vendor :STMicroelectronics USB_DEVICE 2.0.0
2024-03-06 09:20:35,526 [INFO] ThirdParty:1030 - CMSIS Pack Vendor :STMicroelectronics X-CUBE-MEMS1 9.6.0
2024-03-06 09:20:35,526 [INFO] ThirdParty:1030 - CMSIS Pack Vendor :ITTIA_DB I-CUBE-ITTIADB 8.8.0
2024-03-06 09:20:35,526 [INFO] ThirdParty:1030 - CMSIS Pack Vendor :STMicroelectronics FP-SNS-MOTENV1 4.3.2
2024-03-06 09:20:35,526 [INFO] ThirdParty:1030 - CMSIS Pack Vendor :STMicroelectronics X-CUBE-ALGOBUILD 1.3.0
2024-03-06 09:20:35,526 [INFO] ThirdParty:1030 - CMSIS Pack Vendor :STMicroelectronics X-CUBE-BLE1 6.2.4
2024-03-06 09:20:35,526 [INFO] ThirdParty:1030 - CMSIS Pack Vendor :STMicroelectronics X-CUBE-AZRTOS-L5 1.1.0
2024-03-06 09:20:35,526 [INFO] ThirdParty:1030 - CMSIS Pack Vendor :STMicroelectronics FreeRTOS 0.0.1
2024-03-06 09:20:35,526 [INFO] ThirdParty:1030 - CMSIS Pack Vendor :STMicroelectronics X-CUBE-AZRTOS-G0 1.1.0
2024-03-06 09:20:35,526 [INFO] ThirdParty:1030 - CMSIS Pack Vendor :STMicroelectronics X-CUBE-BLEMGR 2.0.0
2024-03-06 09:20:35,526 [INFO] ThirdParty:1030 - CMSIS Pack Vendor :STMicroelectronics X-CUBE-AI 8.0.1
2024-03-06 09:20:35,526 [INFO] ThirdParty:1030 - CMSIS Pack Vendor :STMicroelectronics X-CUBE-NFC4 3.0.0
2024-03-06 09:20:35,526 [INFO] ThirdParty:1030 - CMSIS Pack Vendor :STMicroelectronics X-CUBE-SUBG2 5.0.0
2024-03-06 09:20:35,526 [INFO] ThirdParty:1030 - CMSIS Pack Vendor :STMicroelectronics STM32_WPAN 1.0.0
2024-03-06 09:20:35,526 [INFO] ThirdParty:1030 - CMSIS Pack Vendor :STMicroelectronics lwIP 2.0.3
2024-03-06 09:20:35,526 [INFO] ThirdParty:1030 - CMSIS Pack Vendor :STMicroelectronics FP-SNS-FLIGHT1 5.0.2
2024-03-06 09:20:35,526 [INFO] ThirdParty:1030 - CMSIS Pack Vendor :STMicroelectronics USB_HOST 1.0.0
2024-03-06 09:20:35,526 [INFO] ThirdParty:1030 - CMSIS Pack Vendor :STMicroelectronics X-CUBE-TOF1 3.3.1
2024-03-06 09:20:35,526 [INFO] ThirdParty:1030 - CMSIS Pack Vendor :STMicroelectronics X-CUBE-AZRTOS-G4 2.0.0
2024-03-06 09:20:35,526 [INFO] ThirdParty:1030 - CMSIS Pack Vendor :STMicroelectronics PDM2PCM 3.1.0
2024-03-06 09:20:35,526 [INFO] ThirdParty:1030 - CMSIS Pack Vendor :STMicroelectronics X-CUBE-AZRTOS-H7 3.1.0
2024-03-06 09:20:35,527 [INFO] ThirdParty:1030 - CMSIS Pack Vendor :STMicroelectronics PDM2PCM 3.3.0
2024-03-06 09:20:35,527 [INFO] ThirdParty:1030 - CMSIS Pack Vendor :STMicroelectronics X-CUBE-DISPLAY 3.0.0
2024-03-06 09:20:35,527 [INFO] ThirdParty:1030 - CMSIS Pack Vendor :STMicroelectronics X-CUBE-BLE1 7.0.0
2024-03-06 09:20:35,527 [INFO] ThirdParty:1030 - CMSIS Pack Vendor :STMicroelectronics FP-ATR-SIGFOX1 3.2.0
2024-03-06 09:20:35,527 [INFO] ThirdParty:1030 - CMSIS Pack Vendor :STMicroelectronics HAL Drivers 0.0.0
2024-03-06 09:20:35,527 [INFO] ThirdParty:1030 - CMSIS Pack Vendor :STMicroelectronics MBEDTLS 2.16.2
2024-03-06 09:20:35,527 [INFO] ThirdParty:1030 - CMSIS Pack Vendor :emotas I-CUBE-CANOPEN 1.3.0
2024-03-06 09:20:35,527 [INFO] ThirdParty:1030 - CMSIS Pack Vendor :STMicroelectronics X-CUBE-FREERTOS 1.1.0
2024-03-06 09:20:35,527 [INFO] ThirdParty:1030 - CMSIS Pack Vendor :STMicroelectronics X-CUBE-TOUCHGFX 4.22.0
2024-03-06 09:20:35,527 [INFO] ThirdParty:1030 - CMSIS Pack Vendor :STMicroelectronics X-CUBE-NFC7 1.0.1
2024-03-06 09:20:35,527 [INFO] ThirdParty:1030 - CMSIS Pack Vendor :STMicroelectronics MBEDTLS 2.14.1
2024-03-06 09:20:35,527 [INFO] ThirdParty:1030 - CMSIS Pack Vendor :STMicroelectronics X-CUBE-TOUCHGFX 4.22.1
2024-03-06 09:20:35,527 [INFO] ThirdParty:1030 - CMSIS Pack Vendor :STMicroelectronics X-CUBE-NFC6 3.0.0
2024-03-06 09:20:35,527 [INFO] ThirdParty:1030 - CMSIS Pack Vendor :STMicroelectronics X-CUBE-EEPRMA1 4.1.0
2024-03-06 09:20:35,527 [INFO] ThirdParty:1030 - CMSIS Pack Vendor :portGmbH I-Cube-SoM-uGOAL 1.1.0
2024-03-06 09:20:35,527 [INFO] ThirdParty:1030 - CMSIS Pack Vendor :STMicroelectronics X-CUBE-ALS 1.0.1
2024-03-06 09:20:35,527 [INFO] ThirdParty:1030 - CMSIS Pack Vendor :STMicroelectronics ThreadX 1.0.0
2024-03-06 09:20:35,527 [INFO] ThirdParty:1030 - CMSIS Pack Vendor :STMicroelectronics FP-SNS-SMARTAG2 1.2.0
2024-03-06 09:20:35,527 [INFO] ThirdParty:1030 - CMSIS Pack Vendor :STMicroelectronics X-CUBE-AZRTOS-WB 1.1.0
2024-03-06 09:20:35,527 [INFO] ThirdParty:1030 - CMSIS Pack Vendor :STMicroelectronics X-CUBE-AZRTOS-WL 2.0.0
2024-03-06 09:20:35,527 [INFO] ThirdParty:1030 - CMSIS Pack Vendor :SEGGER I-CUBE-embOS 1.3.1
2024-03-06 09:20:35,527 [INFO] ThirdParty:1030 - CMSIS Pack Vendor :STMicroelectronics USB_DEVICE 1.0.0
2024-03-06 09:20:35,527 [INFO] ThirdParty:1030 - CMSIS Pack Vendor :STMicroelectronics X-CUBE-AI 8.1.0
2024-03-06 09:20:35,527 [INFO] ThirdParty:1030 - CMSIS Pack Vendor :STMicroelectronics X-CUBE-AZRTOS-L4 2.0.0
2024-03-06 09:20:35,528 [INFO] ThirdParty:1030 - CMSIS Pack Vendor :STMicroelectronics ThreadX 0.0.2
2024-03-06 09:20:35,528 [INFO] ThirdParty:1030 - CMSIS Pack Vendor :WES I-CUBE-Cesium 1.3.0
2024-03-06 09:20:35,528 [INFO] ThirdParty:1030 - CMSIS Pack Vendor :STMicroelectronics FP-ATR-ASTRA1 2.0.0
2024-03-06 09:20:35,528 [INFO] ThirdParty:1030 - CMSIS Pack Vendor :STMicroelectronics lwIP 2.1.2
2024-03-06 09:20:35,528 [INFO] ThirdParty:1030 - CMSIS Pack Vendor :STMicroelectronics X-CUBE-SFXS2LP1 4.0.0
2024-03-06 09:20:35,528 [INFO] ThirdParty:1030 - CMSIS Pack Vendor :STMicroelectronics X-CUBE-BLE2 3.3.0
2024-03-06 09:20:35,529 [INFO] ThirdParty:1030 - CMSIS Pack Vendor :STMicroelectronics PDM2PCM 3.2.0
2024-03-06 09:20:35,529 [INFO] ThirdParty:841 - exiting critical section [change project]
2024-03-06 09:20:35,811 [INFO] PinOutPanel:1499 - setPackage(No Configuration,No Configuration)
2024-03-06 09:20:35,811 [INFO] PinOutPanel:1499 - setPackage(STM32F407ZGTx,LQFP144)
2024-03-06 09:20:36,057 [INFO] UtilMem:75 - Before build in PCC Used Memory: 703309856 Bytes (1073741824)
2024-03-06 09:20:36,383 [INFO] UtilMem:75 - After build in PCC Used Memory: 747350048 Bytes (1073741824)
2024-03-06 09:20:36,390 [INFO] ApiDbMcu:508 - Load IP Config File for FREERTOS
2024-03-06 09:20:36,420 [INFO] IPUIPlugin:80 - create IPUIPlugin
2024-03-06 09:20:36,420 [INFO] IPUIPlugin:80 - create IPUIPlugin
2024-03-06 09:20:36,421 [INFO] IPUIPlugin:80 - create IPUIPlugin
2024-03-06 09:20:36,421 [INFO] IPUIPlugin:80 - create IPUIPlugin
2024-03-06 09:20:36,421 [INFO] IPUIPlugin:80 - create IPUIPlugin
2024-03-06 09:20:36,421 [INFO] IPUIPlugin:80 - create IPUIPlugin
2024-03-06 09:20:36,421 [INFO] IPUIPlugin:80 - create IPUIPlugin
2024-03-06 09:20:36,421 [INFO] IPUIPlugin:80 - create IPUIPlugin
2024-03-06 09:20:36,421 [INFO] IPUIPlugin:80 - create IPUIPlugin
2024-03-06 09:20:36,421 [INFO] IPUIPlugin:80 - create IPUIPlugin
2024-03-06 09:20:36,422 [INFO] IPUIPlugin:80 - create IPUIPlugin
2024-03-06 09:20:36,422 [INFO] IPUIPlugin:80 - create IPUIPlugin
2024-03-06 09:20:36,422 [INFO] IPUIPlugin:80 - create IPUIPlugin
2024-03-06 09:20:36,422 [INFO] IPUIPlugin:80 - create IPUIPlugin
2024-03-06 09:20:36,422 [INFO] IPUIPlugin:80 - create IPUIPlugin
2024-03-06 09:20:36,422 [INFO] IPUIPlugin:80 - create IPUIPlugin
2024-03-06 09:20:36,422 [INFO] IPUIPlugin:80 - create IPUIPlugin
2024-03-06 09:20:36,422 [INFO] IPUIPlugin:80 - create IPUIPlugin
2024-03-06 09:20:36,422 [INFO] IPUIPlugin:80 - create IPUIPlugin
2024-03-06 09:20:36,422 [INFO] IPUIPlugin:80 - create IPUIPlugin
2024-03-06 09:20:36,423 [INFO] IPUIPlugin:80 - create IPUIPlugin
2024-03-06 09:20:36,423 [INFO] IPUIPlugin:80 - create IPUIPlugin
2024-03-06 09:20:36,423 [INFO] IPUIPlugin:80 - create IPUIPlugin
2024-03-06 09:20:36,423 [INFO] IPUIPlugin:80 - create IPUIPlugin
2024-03-06 09:20:36,423 [INFO] IPUIPlugin:80 - create IPUIPlugin
2024-03-06 09:20:36,423 [INFO] IPUIPlugin:80 - create IPUIPlugin
2024-03-06 09:20:36,424 [INFO] IPUIPlugin:80 - create IPUIPlugin
2024-03-06 09:20:36,424 [INFO] IPUIPlugin:80 - create IPUIPlugin
2024-03-06 09:20:36,424 [INFO] IPUIPlugin:80 - create IPUIPlugin
2024-03-06 09:20:36,424 [INFO] IPUIPlugin:80 - create IPUIPlugin
2024-03-06 09:20:36,424 [INFO] IPUIPlugin:80 - create IPUIPlugin
2024-03-06 09:20:36,424 [INFO] IPUIPlugin:80 - create IPUIPlugin
2024-03-06 09:20:36,425 [INFO] IPUIPlugin:80 - create IPUIPlugin
2024-03-06 09:20:36,425 [INFO] IPUIPlugin:80 - create IPUIPlugin
2024-03-06 09:20:36,425 [INFO] IPUIPlugin:80 - create IPUIPlugin
2024-03-06 09:20:36,426 [INFO] IPUIPlugin:80 - create IPUIPlugin
2024-03-06 09:20:36,426 [INFO] IPUIPlugin:80 - create IPUIPlugin
2024-03-06 09:20:36,426 [INFO] IPUIPlugin:80 - create IPUIPlugin
2024-03-06 09:20:36,426 [INFO] IPUIPlugin:80 - create IPUIPlugin
2024-03-06 09:20:36,426 [INFO] IPUIPlugin:80 - create IPUIPlugin
2024-03-06 09:20:36,427 [INFO] IPUIPlugin:80 - create IPUIPlugin
2024-03-06 09:20:36,427 [INFO] IPUIPlugin:80 - create IPUIPlugin
2024-03-06 09:20:36,427 [INFO] IPUIPlugin:80 - create IPUIPlugin
2024-03-06 09:20:36,427 [INFO] IPUIPlugin:80 - create IPUIPlugin
2024-03-06 09:20:36,427 [INFO] IPUIPlugin:80 - create IPUIPlugin
2024-03-06 09:20:36,427 [INFO] IPUIPlugin:80 - create IPUIPlugin
2024-03-06 09:20:36,428 [INFO] IPUIPlugin:80 - create IPUIPlugin
2024-03-06 09:20:36,428 [INFO] IPUIPlugin:80 - create IPUIPlugin
2024-03-06 09:20:36,428 [INFO] IPUIPlugin:80 - create IPUIPlugin
2024-03-06 09:20:36,429 [INFO] IPUIPlugin:80 - create IPUIPlugin
2024-03-06 09:20:36,429 [INFO] IPUIPlugin:80 - create IPUIPlugin
2024-03-06 09:20:36,430 [INFO] IPUIPlugin:80 - create IPUIPlugin
2024-03-06 09:20:36,430 [INFO] IPUIPlugin:80 - create IPUIPlugin
2024-03-06 09:20:36,431 [INFO] IPUIPlugin:80 - create IPUIPlugin
2024-03-06 09:20:36,432 [INFO] IPUIPlugin:80 - create IPUIPlugin
2024-03-06 09:20:36,432 [INFO] IPUIPlugin:80 - create IPUIPlugin
2024-03-06 09:20:36,433 [INFO] IPUIPlugin:80 - create IPUIPlugin
2024-03-06 09:20:36,437 [INFO] IPUIPlugin:80 - create IPUIPlugin
2024-03-06 09:20:36,439 [INFO] ApiDbMcu:508 - Load IP Config File for PDM2PCM
2024-03-06 09:20:36,448 [WARN] FreeRTOS:1023 - Null or empty value: should not occur! (nothing added to the table)
2024-03-06 09:20:36,527 [INFO] CADModel:165 - CPN selected for project levelSTM32F407ZGT6
2024-03-06 09:20:36,527 [INFO] CADModel:114 - Register for checkConnection events
2024-03-06 09:20:36,530 [INFO] RtosManager:697 - Active RTOS found at IOC load: FREERTOS [Cortex-M4NS]
2024-03-06 09:20:36,580 [INFO] OpenFileManager:343 - Restore cursor
2024-03-06 09:20:51,278 [ERROR] RtosPanel:558 - Can not restore the selected Tab for FREERTOS(A reason can be that the tab is no more available.)
2024-03-06 14:27:50,451 [INFO] WebApp:354 - JxBrowser engine has been closed 
2024-03-08 10:06:46,582 [INFO] Activator:177 - 


2024-03-08 10:06:46,592 [INFO] Activator:178 - !SESSION log4j initialized
2024-03-08 10:06:49,230 [ERROR] LogOutputStream:74 - [STDERR_REDIRECT] Managed Build system manifest file error: Option com.st.stm32cube.ide.mcu.debug.option.cpuclock.1039965926 uses a null category that is invalid in its context. The option was ignored.
2024-03-08 10:06:50,219 [ERROR] LogOutputStream:74 - [STDERR_REDIRECT] Managed Build system manifest file error: Option com.st.stm32cube.ide.mcu.debug.option.cpuclock.683081927 uses a null category that is invalid in its context. The option was ignored.
2024-03-08 10:07:01,320 [ERROR] LogOutputStream:74 - [STDERR_REDIRECT] Managed Build system manifest file error: Option com.st.stm32cube.ide.mcu.debug.option.cpuclock.67088529 uses a null category that is invalid in its context. The option was ignored.
2024-03-08 10:07:01,370 [ERROR] LogOutputStream:74 - [STDERR_REDIRECT] Managed Build system manifest file error: Option com.st.stm32cube.ide.mcu.debug.option.cpuclock.1547120829 uses a null category that is invalid in its context. The option was ignored.
2024-03-08 10:07:41,489 [ERROR] LogOutputStream:74 - [STDERR_REDIRECT] Managed Build system manifest file error: Option com.st.stm32cube.ide.mcu.debug.option.cpuclock.1357261033 uses a null category that is invalid in its context. The option was ignored.
2024-03-08 10:07:41,560 [ERROR] LogOutputStream:74 - [STDERR_REDIRECT] Managed Build system manifest file error: Option com.st.stm32cube.ide.mcu.debug.option.cpuclock.1950526383 uses a null category that is invalid in its context. The option was ignored.
2024-03-08 10:08:36,753 [ERROR] ApiDbMcu:1508 - Can't use Application install path:
2024-03-08 10:08:39,028 [WARN] RulesReader:59 - Compatibility file://mcu/compatibility.xml not found
