2024-03-06 00:41:44,044 [INFO] MainUpdater:2873 - connection check result : 10
2024-03-06 00:41:45,274 [INFO] McuFinderGlobals:76 - Set McuFinderConnectedMode to true
2024-03-06 00:41:45,302 [INFO] MultiScanPanel:200 - Auto-refresh data requested => check proxy status ongoing
2024-03-06 00:41:45,348 [INFO] FinderPluginLoader:95 - Searching for filters in installed packs
2024-03-06 00:41:48,016 [INFO] LoadUrlFilesThread:185 - End of LoadServerUrlFiles without Thread
2024-03-06 00:41:49,678 [INFO] DetailPanel:341 - Set advertising image to C:/Users/hahuy/STM32Cube/Repository/\en.prom-stm32wl3-mcu-finder.jpg
2024-03-06 00:42:05,813 [INFO] MainUpdater:2873 - connection check result : 10
2024-03-06 00:42:05,814 [INFO] MainUpdater:2873 - connection check result : 10
2024-03-06 00:42:06,018 [INFO] MicroXplorer:468 - Change Database Path : 
2024-03-06 00:42:06,019 [INFO] MicroXplorer:498 - Change Database Version : DB.6.0.100
2024-03-06 00:42:06,137 [ERROR] ProjectManagerView:394 - 
java.lang.NullPointerException: Cannot invoke "javax.swing.JTextField.getText()" because the return value of "java.util.List.get(int)" is null
	at com.st.microxplorer.plugins.projectmanager.gui.ProjectChoiceTab$10.caretUpdate(ProjectChoiceTab.java:2493) ~[filemanager.jar:?]
	at javax.swing.text.JTextComponent.fireCaretUpdate(JTextComponent.java:412) ~[?:?]
	at javax.swing.text.JTextComponent$MutableCaretEvent.fire(JTextComponent.java:4491) ~[?:?]
	at javax.swing.text.JTextComponent$MutableCaretEvent.stateChanged(JTextComponent.java:4513) ~[?:?]
	at javax.swing.text.DefaultCaret.fireStateChanged(DefaultCaret.java:842) ~[?:?]
	at javax.swing.text.DefaultCaret.changeCaretPosition(DefaultCaret.java:1313) ~[?:?]
	at javax.swing.text.DefaultCaret.handleSetDot(DefaultCaret.java:1212) ~[?:?]
	at javax.swing.text.DefaultCaret.setDot(DefaultCaret.java:1193) ~[?:?]
	at javax.swing.text.DefaultCaret$Handler.insertUpdate(DefaultCaret.java:1789) ~[?:?]
	at javax.swing.text.AbstractDocument.fireInsertUpdate(AbstractDocument.java:226) ~[?:?]
	at javax.swing.text.AbstractDocument.handleInsertString(AbstractDocument.java:780) ~[?:?]
	at javax.swing.text.AbstractDocument.insertString(AbstractDocument.java:739) ~[?:?]
	at javax.swing.text.PlainDocument.insertString(PlainDocument.java:131) ~[?:?]
	at javax.swing.text.AbstractDocument.replace(AbstractDocument.java:698) ~[?:?]
	at javax.swing.text.JTextComponent.setText(JTextComponent.java:1729) ~[?:?]
	at com.st.microxplorer.plugins.projectmanager.gui.ProjectChoiceTab.createHeapStackFields(ProjectChoiceTab.java:933) ~[filemanager.jar:?]
	at com.st.microxplorer.plugins.projectmanager.gui.ProjectChoiceTab.buildLinkSettingsPanel(ProjectChoiceTab.java:3426) ~[filemanager.jar:?]
	at com.st.microxplorer.plugins.projectmanager.gui.ProjectChoiceTab.defineWindowsFields(ProjectChoiceTab.java:1813) ~[filemanager.jar:?]
	at com.st.microxplorer.plugins.projectmanager.gui.ProjectChoiceTab.updateSettings(ProjectChoiceTab.java:533) ~[filemanager.jar:?]
	at com.st.microxplorer.plugins.projectmanager.gui.ProjectSettingsPanel.UpdateDialog(ProjectSettingsPanel.java:244) ~[filemanager.jar:?]
	at com.st.microxplorer.plugins.projectmanager.ProjectManagerView.propertyChange(ProjectManagerView.java:391) ~[filemanager.jar:?]
	at java.beans.PropertyChangeSupport.fire(PropertyChangeSupport.java:343) ~[?:?]
	at java.beans.PropertyChangeSupport.firePropertyChange(PropertyChangeSupport.java:335) ~[?:?]
	at java.beans.PropertyChangeSupport.firePropertyChange(PropertyChangeSupport.java:268) ~[?:?]
	at com.st.microxplorer.util.MXPropertyChangeSupport.firePropertyChange(MXPropertyChangeSupport.java:54) ~[STM32CubeMX.jar:?]
	at com.st.microxplorer.mxsystem.MxSystem.closeConfig(MxSystem.java:900) ~[STM32CubeMX.jar:?]
	at com.st.microxplorer.maingui.MainPanel.closeConfig(MainPanel.java:776) ~[STM32CubeMX.jar:?]
	at com.st.microxplorer.plugins.filemanager.engine.OpenFileManager.loadConfigurationFile(OpenFileManager.java:245) ~[filemanager.jar:?]
	at com.st.microxplorer.plugins.filemanager.engine.MainFileManager.userLoadConfig(MainFileManager.java:290) ~[filemanager.jar:?]
	at com.st.microxplorer.plugins.filemanager.FileManagerView.getSpecificTask(FileManagerView.java:247) ~[filemanager.jar:?]
	at com.st.stm32cube.common.mx.editor.CubeMxEditor.getMxTabbedPaneInstance(CubeMxEditor.java:1184) ~[com.st.stm32cube.common.mx_6.10.0.202311202037/:?]
	at com.st.stm32cube.common.mx.editor.CubeMxEditor$12$1.createSwingComponent(CubeMxEditor.java:1065) ~[com.st.stm32cube.common.mx_6.10.0.202311202037/:?]
	at com.st.stm32cube.common.mx.oss.core.awtswtbridge.EmbeddedSwingComposite.doComponentCreation(EmbeddedSwingComposite.java:492) ~[com.st.stm32cube.common.mx.oss_6.10.0.202311202037/:?]
	at com.st.stm32cube.common.mx.oss.core.awtswtbridge.EmbeddedSwingComposite$4.run(EmbeddedSwingComposite.java:291) ~[com.st.stm32cube.common.mx.oss_6.10.0.202311202037/:?]
	at com.st.stm32cube.common.mx.oss.core.awtswtbridge.AwtEnvironment$2.run(AwtEnvironment.java:166) ~[com.st.stm32cube.common.mx.oss_6.10.0.202311202037/:?]
	at java.awt.event.InvocationEvent.dispatch(InvocationEvent.java:318) ~[?:?]
	at java.awt.EventQueue.dispatchEventImpl(EventQueue.java:773) ~[?:?]
	at java.awt.EventQueue$4.run(EventQueue.java:720) ~[?:?]
	at java.awt.EventQueue$4.run(EventQueue.java:714) ~[?:?]
	at java.security.AccessController.doPrivileged(AccessController.java:399) ~[?:?]
	at java.security.ProtectionDomain$JavaSecurityAccessImpl.doIntersectionPrivilege(ProtectionDomain.java:86) ~[?:?]
	at java.awt.EventQueue.dispatchEvent(EventQueue.java:742) ~[?:?]
	at java.awt.EventDispatchThread.pumpOneEventForFilters(EventDispatchThread.java:203) ~[?:?]
	at java.awt.EventDispatchThread.pumpEventsForFilter(EventDispatchThread.java:124) ~[?:?]
	at java.awt.EventDispatchThread.pumpEventsForHierarchy(EventDispatchThread.java:113) ~[?:?]
	at java.awt.EventDispatchThread.pumpEvents(EventDispatchThread.java:109) ~[?:?]
	at java.awt.EventDispatchThread.pumpEvents(EventDispatchThread.java:101) ~[?:?]
	at java.awt.EventDispatchThread.run(EventDispatchThread.java:90) ~[?:?]
2024-03-06 00:42:06,139 [WARN] ThirdParty:871 - waiting for thirdparty lock release [close project]
2024-03-06 00:42:06,139 [INFO] ThirdParty:873 - entering critical section [close project]
2024-03-06 00:42:06,140 [INFO] ThirdParty:883 - exiting critical section [close project]
2024-03-06 00:42:06,142 [INFO] PinOutPanel:1499 - setPackage(No Configuration,No Configuration)
2024-03-06 00:42:06,153 [WARN] IpParametersView:151 - Warning: This peripheral hasn't parameters
2024-03-06 00:42:06,169 [WARN] MainPanel:272 - <html><b><center>Warning: This peripheral has no parameters to be configured<br></b></html>
2024-03-06 00:42:06,175 [INFO] UtilMem:75 - Begin LoadConfig() Used Memory: 379026960 Bytes (911212544)
2024-03-06 00:42:12,161 [INFO] ServerAccessManage:473 - Download File stm32cube_db_v501.zip
2024-03-06 00:42:12,672 [INFO] FileExtend:240 - Unzip File : stm32cube_db_v501.zip
2024-03-06 00:42:12,673 [INFO] FileExtend:255 - Standard Zip Deflate
2024-03-06 00:42:20,965 [INFO] LoadServerPackagesThread:196 - End of LoadServerPackages Thread
2024-03-06 00:42:21,253 [INFO] CheckServerUpdateThread:120 - End of CheckServer Thread
2024-03-06 00:42:23,588 [INFO] ServerAccessManage:473 - Download File stm32cube_db_v5010.zip
2024-03-06 00:42:24,260 [INFO] FileExtend:240 - Unzip File : stm32cube_db_v5010.zip
2024-03-06 00:42:24,260 [INFO] FileExtend:255 - Standard Zip Deflate
2024-03-06 00:42:35,494 [INFO] ServerAccessManage:473 - Download File stm32cube_fw_l4_v1130.zip
2024-03-06 00:56:34,200 [ERROR] FileExtend:455 - File entry not found
2024-03-06 00:56:34,303 [INFO] FileExtend:240 - Unzip File : stm32cube_fw_l4_v1130.zip
2024-03-06 00:56:34,307 [INFO] FileExtend:255 - Standard Zip Deflate
2024-03-06 00:58:21,854 [INFO] LoadServerPackagesThread:196 - End of LoadServerPackages Thread
2024-03-06 00:58:22,321 [INFO] CheckServerUpdateThread:120 - End of CheckServer Thread
2024-03-06 00:58:22,491 [INFO] MicroXplorer:468 - Change Database Path : C:/Users/hahuy/.stm32cubemx/databases/DB.5.0.1/db/
2024-03-06 00:58:22,491 [INFO] MicroXplorer:498 - Change Database Version : DB.5.0.1
2024-03-06 00:58:22,491 [INFO] OpenFileManager:312 - Change cursor
2024-03-06 00:58:22,545 [ERROR] BinarySerializedPreferences:82 - Cannot save pack preferences: C:\Users\hahuy\.stm32cubemx\plugins\thirdparty\preferences\thirdparty.prefs (Access is denied)
2024-03-06 00:58:22,613 [INFO] RulesReader:64 - Compatibility file has been processed (127 Rules)
2024-03-06 00:58:22,639 [INFO] Mcu:2016 - Initializing MCU STM32L476V(C-E-G)Tx STM32L476VGTx 
2024-03-06 00:58:22,641 [INFO] Mcu:2029 - No CPN specified => set CPN to STM32L476VGT3
2024-03-06 00:58:25,888 [INFO] Context:659 - Trying to add GPIOservice into a context  which must be forbidden
2024-03-06 00:58:27,040 [WARN] ModelIntegratedComponent:182 - Modes not found for component STMicroelectronics:FreeRTOS:0.0.1:STMicroelectronics:CMSIS::RTOS:FreeRTOS::10.2.0:CMSIS_V1
2024-03-06 00:58:27,040 [WARN] ModelIntegratedComponent:188 - Modes not found for component STMicroelectronics:FreeRTOS:0.0.1:STMicroelectronics:CMSIS::RTOS:FreeRTOS::10.2.0:CMSIS_V1
2024-03-06 00:58:27,040 [WARN] ModelIntegratedComponent:182 - Modes not found for component STMicroelectronics:FreeRTOS:0.0.1:STMicroelectronics:CMSIS::RTOS2:FreeRTOS::10.2.0:
2024-03-06 00:58:27,040 [WARN] ModelIntegratedComponent:188 - Modes not found for component STMicroelectronics:FreeRTOS:0.0.1:STMicroelectronics:CMSIS::RTOS2:FreeRTOS::10.2.0:
2024-03-06 00:58:27,040 [WARN] ModelIntegratedComponent:182 - Modes not found for component STMicroelectronics:FreeRTOS:0.0.1:STMicroelectronics:RTOS:FreeRTOS:Core:::10.2.0:
2024-03-06 00:58:27,040 [WARN] ModelIntegratedComponent:188 - Modes not found for component STMicroelectronics:FreeRTOS:0.0.1:STMicroelectronics:RTOS:FreeRTOS:Core:::10.2.0:
2024-03-06 00:58:27,044 [WARN] ModelIntegratedComponent:182 - Modes not found for component STMicroelectronics:USB_HOST:1.0.0:STMicroelectronics:USB::USB Host:Audio HS::1.0:USB_HOST_1_0_RESTRICTED_HS
2024-03-06 00:58:27,044 [WARN] ModelIntegratedComponent:188 - Modes not found for component STMicroelectronics:USB_HOST:1.0.0:STMicroelectronics:USB::USB Host:Audio HS::1.0:USB_HOST_1_0_RESTRICTED_HS
2024-03-06 00:58:27,044 [WARN] ModelIntegratedComponent:182 - Modes not found for component STMicroelectronics:USB_HOST:1.0.0:STMicroelectronics:USB::USB Host:CDC HS::1.0:USB_HOST_1_0_RESTRICTED_HS
2024-03-06 00:58:27,044 [WARN] ModelIntegratedComponent:188 - Modes not found for component STMicroelectronics:USB_HOST:1.0.0:STMicroelectronics:USB::USB Host:CDC HS::1.0:USB_HOST_1_0_RESTRICTED_HS
2024-03-06 00:58:27,044 [WARN] ModelIntegratedComponent:182 - Modes not found for component STMicroelectronics:USB_HOST:1.0.0:STMicroelectronics:USB::USB Host:MSC HS::1.0:USB_HOST_1_0_RESTRICTED_HS
2024-03-06 00:58:27,044 [WARN] ModelIntegratedComponent:188 - Modes not found for component STMicroelectronics:USB_HOST:1.0.0:STMicroelectronics:USB::USB Host:MSC HS::1.0:USB_HOST_1_0_RESTRICTED_HS
2024-03-06 00:58:27,044 [WARN] ModelIntegratedComponent:182 - Modes not found for component STMicroelectronics:USB_HOST:1.0.0:STMicroelectronics:USB::USB Host:HID HS::1.0:USB_HOST_1_0_RESTRICTED_HS
2024-03-06 00:58:27,044 [WARN] ModelIntegratedComponent:188 - Modes not found for component STMicroelectronics:USB_HOST:1.0.0:STMicroelectronics:USB::USB Host:HID HS::1.0:USB_HOST_1_0_RESTRICTED_HS
2024-03-06 00:58:27,044 [WARN] ModelIntegratedComponent:182 - Modes not found for component STMicroelectronics:USB_HOST:1.0.0:STMicroelectronics:USB::USB Host:MTP HS::1.0:USB_HOST_1_0_RESTRICTED_HS
2024-03-06 00:58:27,044 [WARN] ModelIntegratedComponent:188 - Modes not found for component STMicroelectronics:USB_HOST:1.0.0:STMicroelectronics:USB::USB Host:MTP HS::1.0:USB_HOST_1_0_RESTRICTED_HS
2024-03-06 00:58:27,050 [WARN] ModelIntegratedComponent:63 - No mode defined for component null
2024-03-06 00:58:27,050 [WARN] ModelIntegratedComponent:63 - No mode defined for component null
2024-03-06 00:58:27,050 [WARN] ModelIntegratedComponent:63 - No mode defined for component null
2024-03-06 00:58:27,050 [WARN] ModelIntegratedComponent:63 - No mode defined for component null
2024-03-06 00:58:27,050 [WARN] ModelIntegratedComponent:63 - No mode defined for component null
2024-03-06 00:58:27,050 [WARN] ModelIntegratedComponent:63 - No mode defined for component null
2024-03-06 00:58:27,050 [WARN] ModelIntegratedComponent:63 - No mode defined for component null
2024-03-06 00:58:27,050 [WARN] ModelIntegratedComponent:63 - No mode defined for component null
2024-03-06 00:58:27,050 [WARN] ModelIntegratedComponent:63 - No mode defined for component null
2024-03-06 00:58:27,050 [WARN] ModelIntegratedComponent:63 - No mode defined for component null
2024-03-06 00:58:27,050 [WARN] ModelIntegratedComponent:63 - No mode defined for component null
2024-03-06 00:58:27,050 [WARN] ModelIntegratedComponent:63 - No mode defined for component null
2024-03-06 00:58:27,050 [WARN] ModelIntegratedComponent:63 - No mode defined for component null
2024-03-06 00:58:27,050 [WARN] ModelIntegratedComponent:63 - No mode defined for component null
2024-03-06 00:58:27,050 [WARN] ModelIntegratedComponent:63 - No mode defined for component null
2024-03-06 00:58:27,050 [WARN] ModelIntegratedComponent:63 - No mode defined for component null
2024-03-06 00:58:27,050 [WARN] ModelIntegratedComponent:63 - No mode defined for component null
2024-03-06 00:58:27,050 [WARN] ModelIntegratedComponent:63 - No mode defined for component null
2024-03-06 00:58:27,051 [WARN] ModelIntegratedComponent:63 - No mode defined for component null
2024-03-06 00:58:27,051 [WARN] ModelIntegratedComponent:63 - No mode defined for component null
2024-03-06 00:58:27,051 [WARN] ModelIntegratedComponent:63 - No mode defined for component null
2024-03-06 00:58:27,051 [WARN] ModelIntegratedComponent:63 - No mode defined for component null
2024-03-06 00:58:27,051 [WARN] ModelIntegratedComponent:63 - No mode defined for component null
2024-03-06 00:58:27,051 [WARN] ModelIntegratedComponent:63 - No mode defined for component null
2024-03-06 00:58:27,051 [WARN] ModelIntegratedComponent:63 - No mode defined for component null
2024-03-06 00:58:27,051 [WARN] ModelIntegratedComponent:63 - No mode defined for component null
2024-03-06 00:58:27,051 [WARN] ModelIntegratedComponent:63 - No mode defined for component null
2024-03-06 00:58:27,051 [WARN] ModelIntegratedComponent:63 - No mode defined for component null
2024-03-06 00:58:27,051 [WARN] ModelIntegratedComponent:63 - No mode defined for component null
2024-03-06 00:58:27,051 [WARN] ModelIntegratedComponent:63 - No mode defined for component null
2024-03-06 00:58:27,051 [WARN] ModelIntegratedComponent:63 - No mode defined for component null
2024-03-06 00:58:27,051 [WARN] ModelIntegratedComponent:63 - No mode defined for component null
2024-03-06 00:58:27,051 [WARN] ModelIntegratedComponent:63 - No mode defined for component null
2024-03-06 00:58:27,063 [INFO] ThirdPartyModel:298 - Start build external matchings
2024-03-06 00:58:27,395 [INFO] ThirdPartyModel:316 - End build external matchings
2024-03-06 00:58:28,225 [INFO] UtilMem:75 - End LoadConfig() Used Memory: 529884800 Bytes (1073741824)
2024-03-06 00:58:28,592 [INFO] MicroXplorer:468 - Change Database Path : 
2024-03-06 00:58:28,592 [INFO] MicroXplorer:498 - Change Database Version : DB.6.0.100
2024-03-06 00:58:28,619 [WARN] ThirdParty:833 - waiting for thirdparty lock release [change project]
2024-03-06 00:58:28,619 [INFO] ThirdParty:835 - entering critical section [change project]
2024-03-06 00:58:28,619 [INFO] ThirdParty:1030 - CMSIS Pack Vendor :STMicroelectronics X-CUBE-ISPU 1.1.0
2024-03-06 00:58:28,619 [INFO] ThirdParty:1030 - CMSIS Pack Vendor :STMicroelectronics USBPD 4.1
2024-03-06 00:58:28,619 [INFO] ThirdParty:1030 - CMSIS Pack Vendor :STMicroelectronics X-CUBE-GNSS1 6.0.0
2024-03-06 00:58:28,619 [INFO] ThirdParty:1030 - CMSIS Pack Vendor :STMicroelectronics USB_HOST 2.0.0
2024-03-06 00:58:28,619 [INFO] ThirdParty:1030 - CMSIS Pack Vendor :STMicroelectronics X-CUBE-AZRTOS-F4 1.1.0
2024-03-06 00:58:28,619 [INFO] ThirdParty:1030 - CMSIS Pack Vendor :STMicroelectronics LIBJPEG 8.0.0
2024-03-06 00:58:28,647 [INFO] ThirdParty:1030 - CMSIS Pack Vendor :wolfSSL I-CUBE-wolfSSL 5.6.3
2024-03-06 00:58:28,647 [INFO] ThirdParty:1030 - CMSIS Pack Vendor :STMicroelectronics X-CUBE-SMBUS 2.1.0
2024-03-06 00:58:28,647 [INFO] ThirdParty:1030 - CMSIS Pack Vendor :STMicroelectronics USB_DEVICE 3.0.0
2024-03-06 00:58:28,647 [INFO] ThirdParty:1030 - CMSIS Pack Vendor :STMicroelectronics X-CUBE-AZRTOS-WB 2.0.0
2024-03-06 00:58:28,647 [INFO] ThirdParty:1030 - CMSIS Pack Vendor :STMicroelectronics X-CUBE-FREERTOS 1.0.1
2024-03-06 00:58:28,647 [INFO] ThirdParty:1030 - CMSIS Pack Vendor :STMicroelectronics X-CUBE-AZRTOS-F7 1.1.0
2024-03-06 00:58:28,647 [INFO] ThirdParty:1030 - CMSIS Pack Vendor :STMicroelectronics X-CUBE-AZRTOS-L5 2.0.0
2024-03-06 00:58:28,647 [INFO] ThirdParty:1030 - CMSIS Pack Vendor :STMicroelectronics USB_DEVICE 2.0.0
2024-03-06 00:58:28,647 [INFO] ThirdParty:1030 - CMSIS Pack Vendor :STMicroelectronics X-CUBE-MEMS1 9.6.0
2024-03-06 00:58:28,647 [INFO] ThirdParty:1030 - CMSIS Pack Vendor :ITTIA_DB I-CUBE-ITTIADB 8.8.0
2024-03-06 00:58:28,647 [INFO] ThirdParty:1030 - CMSIS Pack Vendor :STMicroelectronics FP-SNS-MOTENV1 4.3.2
2024-03-06 00:58:28,648 [INFO] ThirdParty:1030 - CMSIS Pack Vendor :STMicroelectronics X-CUBE-ALGOBUILD 1.3.0
2024-03-06 00:58:28,648 [INFO] ThirdParty:1030 - CMSIS Pack Vendor :STMicroelectronics X-CUBE-BLE1 6.2.4
2024-03-06 00:58:28,648 [INFO] ThirdParty:1030 - CMSIS Pack Vendor :STMicroelectronics X-CUBE-AZRTOS-L5 1.1.0
2024-03-06 00:58:28,648 [INFO] ThirdParty:1030 - CMSIS Pack Vendor :STMicroelectronics FreeRTOS 0.0.1
2024-03-06 00:58:28,648 [INFO] ThirdParty:1030 - CMSIS Pack Vendor :STMicroelectronics X-CUBE-AZRTOS-G0 1.1.0
2024-03-06 00:58:28,648 [INFO] ThirdParty:1030 - CMSIS Pack Vendor :STMicroelectronics X-CUBE-BLEMGR 2.0.0
2024-03-06 00:58:28,648 [INFO] ThirdParty:1030 - CMSIS Pack Vendor :STMicroelectronics X-CUBE-AI 8.0.1
2024-03-06 00:58:28,648 [INFO] ThirdParty:1030 - CMSIS Pack Vendor :STMicroelectronics X-CUBE-NFC4 3.0.0
2024-03-06 00:58:28,649 [INFO] ThirdParty:1030 - CMSIS Pack Vendor :STMicroelectronics X-CUBE-SUBG2 5.0.0
2024-03-06 00:58:28,649 [INFO] ThirdParty:1030 - CMSIS Pack Vendor :STMicroelectronics STM32_WPAN 1.0.0
2024-03-06 00:58:28,649 [INFO] ThirdParty:1030 - CMSIS Pack Vendor :STMicroelectronics lwIP 2.0.3
2024-03-06 00:58:28,649 [INFO] ThirdParty:1030 - CMSIS Pack Vendor :STMicroelectronics FP-SNS-FLIGHT1 5.0.2
2024-03-06 00:58:28,649 [INFO] ThirdParty:1030 - CMSIS Pack Vendor :STMicroelectronics USB_HOST 1.0.0
2024-03-06 00:58:28,649 [INFO] ThirdParty:1030 - CMSIS Pack Vendor :STMicroelectronics X-CUBE-TOF1 3.3.1
2024-03-06 00:58:28,649 [INFO] ThirdParty:1030 - CMSIS Pack Vendor :STMicroelectronics X-CUBE-AZRTOS-G4 2.0.0
2024-03-06 00:58:28,649 [INFO] ThirdParty:1030 - CMSIS Pack Vendor :STMicroelectronics PDM2PCM 3.1.0
2024-03-06 00:58:28,649 [INFO] ThirdParty:1030 - CMSIS Pack Vendor :STMicroelectronics X-CUBE-AZRTOS-H7 3.1.0
2024-03-06 00:58:28,649 [INFO] ThirdParty:1030 - CMSIS Pack Vendor :STMicroelectronics PDM2PCM 3.3.0
2024-03-06 00:58:28,649 [INFO] ThirdParty:1030 - CMSIS Pack Vendor :STMicroelectronics X-CUBE-DISPLAY 3.0.0
2024-03-06 00:58:28,649 [INFO] ThirdParty:1030 - CMSIS Pack Vendor :STMicroelectronics X-CUBE-BLE1 7.0.0
2024-03-06 00:58:28,649 [INFO] ThirdParty:1030 - CMSIS Pack Vendor :STMicroelectronics FP-ATR-SIGFOX1 3.2.0
2024-03-06 00:58:28,649 [INFO] ThirdParty:1030 - CMSIS Pack Vendor :STMicroelectronics HAL Drivers 0.0.0
2024-03-06 00:58:28,649 [INFO] ThirdParty:1030 - CMSIS Pack Vendor :STMicroelectronics MBEDTLS 2.16.2
2024-03-06 00:58:28,649 [INFO] ThirdParty:1030 - CMSIS Pack Vendor :emotas I-CUBE-CANOPEN 1.3.0
2024-03-06 00:58:28,649 [INFO] ThirdParty:1030 - CMSIS Pack Vendor :STMicroelectronics X-CUBE-FREERTOS 1.1.0
2024-03-06 00:58:28,649 [INFO] ThirdParty:1030 - CMSIS Pack Vendor :STMicroelectronics X-CUBE-TOUCHGFX 4.22.0
2024-03-06 00:58:28,650 [INFO] ThirdParty:1030 - CMSIS Pack Vendor :STMicroelectronics X-CUBE-NFC7 1.0.1
2024-03-06 00:58:28,650 [INFO] ThirdParty:1030 - CMSIS Pack Vendor :STMicroelectronics MBEDTLS 2.14.1
2024-03-06 00:58:28,650 [INFO] ThirdParty:1030 - CMSIS Pack Vendor :STMicroelectronics X-CUBE-TOUCHGFX 4.22.1
2024-03-06 00:58:28,650 [INFO] ThirdParty:1030 - CMSIS Pack Vendor :STMicroelectronics X-CUBE-NFC6 3.0.0
2024-03-06 00:58:28,650 [INFO] ThirdParty:1030 - CMSIS Pack Vendor :STMicroelectronics X-CUBE-EEPRMA1 4.1.0
2024-03-06 00:58:28,650 [INFO] ThirdParty:1030 - CMSIS Pack Vendor :portGmbH I-Cube-SoM-uGOAL 1.1.0
2024-03-06 00:58:28,650 [INFO] ThirdParty:1030 - CMSIS Pack Vendor :STMicroelectronics X-CUBE-ALS 1.0.1
2024-03-06 00:58:28,650 [INFO] ThirdParty:1030 - CMSIS Pack Vendor :STMicroelectronics ThreadX 1.0.0
2024-03-06 00:58:28,650 [INFO] ThirdParty:1030 - CMSIS Pack Vendor :STMicroelectronics FP-SNS-SMARTAG2 1.2.0
2024-03-06 00:58:28,650 [INFO] ThirdParty:1030 - CMSIS Pack Vendor :STMicroelectronics X-CUBE-AZRTOS-WB 1.1.0
2024-03-06 00:58:28,650 [INFO] ThirdParty:1030 - CMSIS Pack Vendor :STMicroelectronics X-CUBE-AZRTOS-WL 2.0.0
2024-03-06 00:58:28,650 [INFO] ThirdParty:1030 - CMSIS Pack Vendor :SEGGER I-CUBE-embOS 1.3.1
2024-03-06 00:58:28,650 [INFO] ThirdParty:1030 - CMSIS Pack Vendor :STMicroelectronics USB_DEVICE 1.0.0
2024-03-06 00:58:28,650 [INFO] ThirdParty:1030 - CMSIS Pack Vendor :STMicroelectronics X-CUBE-AI 8.1.0
2024-03-06 00:58:28,650 [INFO] ThirdParty:1030 - CMSIS Pack Vendor :STMicroelectronics X-CUBE-AZRTOS-L4 2.0.0
2024-03-06 00:58:28,650 [INFO] ThirdParty:1030 - CMSIS Pack Vendor :STMicroelectronics ThreadX 0.0.2
2024-03-06 00:58:28,651 [INFO] ThirdParty:1030 - CMSIS Pack Vendor :WES I-CUBE-Cesium 1.3.0
2024-03-06 00:58:28,651 [INFO] ThirdParty:1030 - CMSIS Pack Vendor :STMicroelectronics FP-ATR-ASTRA1 2.0.0
2024-03-06 00:58:28,651 [INFO] ThirdParty:1030 - CMSIS Pack Vendor :STMicroelectronics lwIP 2.1.2
2024-03-06 00:58:28,651 [INFO] ThirdParty:1030 - CMSIS Pack Vendor :STMicroelectronics X-CUBE-SFXS2LP1 4.0.0
2024-03-06 00:58:28,651 [INFO] ThirdParty:1030 - CMSIS Pack Vendor :STMicroelectronics X-CUBE-BLE2 3.3.0
2024-03-06 00:58:28,651 [INFO] ThirdParty:1030 - CMSIS Pack Vendor :STMicroelectronics PDM2PCM 3.2.0
2024-03-06 00:58:28,651 [INFO] ThirdParty:841 - exiting critical section [change project]
2024-03-06 00:58:29,060 [INFO] PinOutPanel:1499 - setPackage(No Configuration,No Configuration)
2024-03-06 00:58:29,062 [INFO] PinOutPanel:1499 - setPackage(STM32L476VGTx,LQFP100)
2024-03-06 00:58:29,870 [INFO] UtilMem:75 - Before build in PCC Used Memory: 765814400 Bytes (1073741824)
2024-03-06 00:58:30,622 [INFO] UtilMem:75 - After build in PCC Used Memory: 843935360 Bytes (1073741824)
2024-03-06 00:58:30,682 [INFO] ApiDbMcu:508 - Load IP Config File for FREERTOS
2024-03-06 00:58:30,733 [INFO] IPUIPlugin:80 - create IPUIPlugin
2024-03-06 00:58:30,733 [INFO] IPUIPlugin:80 - create IPUIPlugin
2024-03-06 00:58:30,734 [INFO] IPUIPlugin:80 - create IPUIPlugin
2024-03-06 00:58:30,734 [INFO] IPUIPlugin:80 - create IPUIPlugin
2024-03-06 00:58:30,734 [INFO] IPUIPlugin:80 - create IPUIPlugin
2024-03-06 00:58:30,734 [INFO] IPUIPlugin:80 - create IPUIPlugin
2024-03-06 00:58:30,734 [INFO] IPUIPlugin:80 - create IPUIPlugin
2024-03-06 00:58:30,734 [INFO] IPUIPlugin:80 - create IPUIPlugin
2024-03-06 00:58:30,735 [INFO] IPUIPlugin:80 - create IPUIPlugin
2024-03-06 00:58:30,735 [INFO] IPUIPlugin:80 - create IPUIPlugin
2024-03-06 00:58:30,735 [INFO] IPUIPlugin:80 - create IPUIPlugin
2024-03-06 00:58:30,735 [INFO] IPUIPlugin:80 - create IPUIPlugin
2024-03-06 00:58:30,735 [INFO] IPUIPlugin:80 - create IPUIPlugin
2024-03-06 00:58:30,735 [INFO] IPUIPlugin:80 - create IPUIPlugin
2024-03-06 00:58:30,736 [INFO] IPUIPlugin:80 - create IPUIPlugin
2024-03-06 00:58:30,736 [INFO] IPUIPlugin:80 - create IPUIPlugin
2024-03-06 00:58:30,736 [INFO] IPUIPlugin:80 - create IPUIPlugin
2024-03-06 00:58:30,736 [INFO] IPUIPlugin:80 - create IPUIPlugin
2024-03-06 00:58:30,736 [INFO] IPUIPlugin:80 - create IPUIPlugin
2024-03-06 00:58:30,737 [INFO] IPUIPlugin:80 - create IPUIPlugin
2024-03-06 00:58:30,738 [INFO] IPUIPlugin:80 - create IPUIPlugin
2024-03-06 00:58:30,738 [INFO] IPUIPlugin:80 - create IPUIPlugin
2024-03-06 00:58:30,738 [INFO] IPUIPlugin:80 - create IPUIPlugin
2024-03-06 00:58:30,738 [INFO] IPUIPlugin:80 - create IPUIPlugin
2024-03-06 00:58:30,738 [INFO] IPUIPlugin:80 - create IPUIPlugin
2024-03-06 00:58:30,739 [INFO] IPUIPlugin:80 - create IPUIPlugin
2024-03-06 00:58:30,739 [INFO] IPUIPlugin:80 - create IPUIPlugin
2024-03-06 00:58:30,739 [INFO] IPUIPlugin:80 - create IPUIPlugin
2024-03-06 00:58:30,739 [INFO] IPUIPlugin:80 - create IPUIPlugin
2024-03-06 00:58:30,739 [INFO] IPUIPlugin:80 - create IPUIPlugin
2024-03-06 00:58:30,740 [INFO] IPUIPlugin:80 - create IPUIPlugin
2024-03-06 00:58:30,740 [INFO] IPUIPlugin:80 - create IPUIPlugin
2024-03-06 00:58:30,741 [INFO] IPUIPlugin:80 - create IPUIPlugin
2024-03-06 00:58:30,741 [INFO] IPUIPlugin:80 - create IPUIPlugin
2024-03-06 00:58:30,741 [INFO] IPUIPlugin:80 - create IPUIPlugin
2024-03-06 00:58:30,742 [INFO] IPUIPlugin:80 - create IPUIPlugin
2024-03-06 00:58:30,743 [INFO] IPUIPlugin:80 - create IPUIPlugin
2024-03-06 00:58:30,743 [INFO] IPUIPlugin:80 - create IPUIPlugin
2024-03-06 00:58:30,743 [INFO] IPUIPlugin:80 - create IPUIPlugin
2024-03-06 00:58:30,744 [INFO] IPUIPlugin:80 - create IPUIPlugin
2024-03-06 00:58:30,744 [INFO] IPUIPlugin:80 - create IPUIPlugin
2024-03-06 00:58:30,744 [INFO] IPUIPlugin:80 - create IPUIPlugin
2024-03-06 00:58:30,745 [INFO] IPUIPlugin:80 - create IPUIPlugin
2024-03-06 00:58:30,745 [INFO] IPUIPlugin:80 - create IPUIPlugin
2024-03-06 00:58:30,745 [INFO] IPUIPlugin:80 - create IPUIPlugin
2024-03-06 00:58:30,745 [INFO] IPUIPlugin:80 - create IPUIPlugin
2024-03-06 00:58:30,745 [INFO] IPUIPlugin:80 - create IPUIPlugin
2024-03-06 00:58:30,745 [INFO] IPUIPlugin:80 - create IPUIPlugin
2024-03-06 00:58:30,746 [INFO] IPUIPlugin:80 - create IPUIPlugin
2024-03-06 00:58:30,747 [INFO] IPUIPlugin:80 - create IPUIPlugin
2024-03-06 00:58:30,747 [INFO] IPUIPlugin:80 - create IPUIPlugin
2024-03-06 00:58:30,748 [INFO] IPUIPlugin:80 - create IPUIPlugin
2024-03-06 00:58:30,748 [INFO] IPUIPlugin:80 - create IPUIPlugin
2024-03-06 00:58:30,748 [INFO] IPUIPlugin:80 - create IPUIPlugin
2024-03-06 00:58:30,748 [INFO] IPUIPlugin:80 - create IPUIPlugin
2024-03-06 00:58:30,749 [INFO] IPUIPlugin:80 - create IPUIPlugin
2024-03-06 00:58:30,749 [INFO] IPUIPlugin:80 - create IPUIPlugin
2024-03-06 00:58:30,749 [INFO] IPUIPlugin:80 - create IPUIPlugin
2024-03-06 00:58:30,750 [INFO] IPUIPlugin:80 - create IPUIPlugin
2024-03-06 00:58:30,751 [INFO] IPUIPlugin:80 - create IPUIPlugin
2024-03-06 00:58:30,769 [WARN] FreeRTOS:1023 - Null or empty value: should not occur! (nothing added to the table)
2024-03-06 00:58:30,909 [INFO] CADModel:165 - CPN selected for project levelSTM32L476VGT3
2024-03-06 00:58:30,909 [INFO] CADModel:114 - Register for checkConnection events
2024-03-06 00:58:30,950 [INFO] OpenFileManager:343 - Restore cursor
2024-03-06 00:58:31,905 [INFO] UtilMem:75 - End SaveConfig() Used Memory: 375132720 Bytes (1073741824)
2024-03-06 00:58:32,172 [INFO] UtilMem:75 - End SaveConfig() Used Memory: 403947840 Bytes (1073741824)
2024-03-06 00:59:20,925 [INFO] BlockDiagram:2759 - set Specific Code input for plugin: FREERTOS
2024-03-06 00:59:20,925 [INFO] BlockDiagram:2759 - set Specific Code input for plugin: SYS
2024-03-06 00:59:20,925 [INFO] BlockDiagram:2759 - set Specific Code input for plugin: RCC
2024-03-06 00:59:20,925 [INFO] BlockDiagram:2759 - set Specific Code input for plugin: NVIC
2024-03-06 00:59:20,925 [INFO] BlockDiagram:2759 - set Specific Code input for plugin: USART
2024-03-06 00:59:20,926 [INFO] BlockDiagram:2759 - set Specific Code input for plugin: GPIO
2024-03-06 00:59:20,928 [INFO] CodeGenerator:807 - code generatio: config db path: E:\software\stm3214\STM32CubeIDE_1.14.1\STM32CubeIDE\plugins\com.st.stm32cube.common.mx_6.10.0.202311202037\\db\
2024-03-06 00:59:23,315 [INFO] CodeEngine:255 - oldGeneratedFile, D:\STM\CMSIS\Tasks_lab\MXTmpFiles\license.tmp_save
2024-03-06 00:59:23,521 [INFO] CodeEngine:279 - Generated code: D:\STM\CMSIS\Tasks_lab\MXTmpFiles\license.tmp
2024-03-06 00:59:23,743 [INFO] CodeEngine:255 - oldGeneratedFile, D:\STM\CMSIS\Tasks_lab\MXTmpFiles\gpio.tmp_save
2024-03-06 00:59:23,895 [INFO] CodeEngine:279 - Generated code: D:\STM\CMSIS\Tasks_lab\MXTmpFiles\gpio.tmp
2024-03-06 00:59:24,258 [INFO] Middleware:1439 - No code input for Bsp Dependency
2024-03-06 00:59:24,267 [INFO] CodeEngine:255 - oldGeneratedFile, D:\STM\CMSIS\Tasks_lab\MXTmpFiles\rtos_inc.tmp_save
2024-03-06 00:59:24,390 [INFO] CodeEngine:279 - Generated code: D:\STM\CMSIS\Tasks_lab\MXTmpFiles\rtos_inc.tmp
2024-03-06 00:59:24,524 [INFO] CodeEngine:255 - oldGeneratedFile, D:\STM\CMSIS\Tasks_lab\MXTmpFiles\rtos_vars.tmp_save
2024-03-06 00:59:24,629 [INFO] CodeEngine:279 - Generated code: D:\STM\CMSIS\Tasks_lab\MXTmpFiles\rtos_vars.tmp
2024-03-06 00:59:24,641 [INFO] CodeEngine:255 - oldGeneratedFile, D:\STM\CMSIS\Tasks_lab\MXTmpFiles\rtos_pfp.tmp_save
2024-03-06 00:59:24,745 [INFO] CodeEngine:279 - Generated code: D:\STM\CMSIS\Tasks_lab\MXTmpFiles\rtos_pfp.tmp
2024-03-06 00:59:24,750 [INFO] CodeEngine:255 - oldGeneratedFile, D:\STM\CMSIS\Tasks_lab\MXTmpFiles\rtos_obj_creat.tmp_save
2024-03-06 00:59:24,850 [INFO] CodeEngine:279 - Generated code: D:\STM\CMSIS\Tasks_lab\MXTmpFiles\rtos_obj_creat.tmp
2024-03-06 00:59:24,853 [INFO] CodeEngine:255 - oldGeneratedFile, D:\STM\CMSIS\Tasks_lab\MXTmpFiles\rtos_kernelStart.tmp_save
2024-03-06 00:59:24,938 [INFO] CodeEngine:279 - Generated code: D:\STM\CMSIS\Tasks_lab\MXTmpFiles\rtos_kernelStart.tmp
2024-03-06 00:59:24,941 [INFO] CodeEngine:255 - oldGeneratedFile, D:\STM\CMSIS\Tasks_lab\MXTmpFiles\rtos_default_thread.tmp_save
2024-03-06 00:59:25,020 [INFO] CodeEngine:279 - Generated code: D:\STM\CMSIS\Tasks_lab\MXTmpFiles\rtos_default_thread.tmp
2024-03-06 00:59:25,023 [INFO] CodeEngine:255 - oldGeneratedFile, D:\STM\CMSIS\Tasks_lab\MXTmpFiles\rtos_threads.tmp_save
2024-03-06 00:59:25,078 [INFO] CodeEngine:279 - Generated code: D:\STM\CMSIS\Tasks_lab\MXTmpFiles\rtos_threads.tmp
2024-03-06 00:59:25,086 [INFO] Middleware:1439 - No code input for Bsp Dependency
2024-03-06 00:59:25,093 [INFO] CodeEngine:255 - oldGeneratedFile, D:\STM\CMSIS\Tasks_lab\MXTmpFiles\rtos_inc.tmp_save
2024-03-06 00:59:25,264 [INFO] CodeEngine:279 - Generated code: D:\STM\CMSIS\Tasks_lab\MXTmpFiles\rtos_inc.tmp
2024-03-06 00:59:25,270 [INFO] CodeEngine:255 - oldGeneratedFile, D:\STM\CMSIS\Tasks_lab\MXTmpFiles\rtos_vars.tmp_save
2024-03-06 00:59:25,360 [INFO] CodeEngine:279 - Generated code: D:\STM\CMSIS\Tasks_lab\MXTmpFiles\rtos_vars.tmp
2024-03-06 00:59:25,365 [INFO] CodeEngine:255 - oldGeneratedFile, D:\STM\CMSIS\Tasks_lab\MXTmpFiles\rtos_pfp.tmp_save
2024-03-06 00:59:25,421 [INFO] CodeEngine:279 - Generated code: D:\STM\CMSIS\Tasks_lab\MXTmpFiles\rtos_pfp.tmp
2024-03-06 00:59:25,426 [INFO] CodeEngine:255 - oldGeneratedFile, D:\STM\CMSIS\Tasks_lab\MXTmpFiles\rtos_obj_creat.tmp_save
2024-03-06 00:59:25,486 [INFO] CodeEngine:279 - Generated code: D:\STM\CMSIS\Tasks_lab\MXTmpFiles\rtos_obj_creat.tmp
2024-03-06 00:59:25,490 [INFO] CodeEngine:255 - oldGeneratedFile, D:\STM\CMSIS\Tasks_lab\MXTmpFiles\rtos_kernelStart.tmp_save
2024-03-06 00:59:25,551 [INFO] CodeEngine:279 - Generated code: D:\STM\CMSIS\Tasks_lab\MXTmpFiles\rtos_kernelStart.tmp
2024-03-06 00:59:25,555 [INFO] CodeEngine:255 - oldGeneratedFile, D:\STM\CMSIS\Tasks_lab\MXTmpFiles\rtos_default_thread.tmp_save
2024-03-06 00:59:25,610 [INFO] CodeEngine:279 - Generated code: D:\STM\CMSIS\Tasks_lab\MXTmpFiles\rtos_default_thread.tmp
2024-03-06 00:59:25,614 [INFO] CodeEngine:255 - oldGeneratedFile, D:\STM\CMSIS\Tasks_lab\MXTmpFiles\rtos_threads.tmp_save
2024-03-06 00:59:25,697 [INFO] CodeEngine:279 - Generated code: D:\STM\CMSIS\Tasks_lab\MXTmpFiles\rtos_threads.tmp
2024-03-06 00:59:25,700 [INFO] CodeEngine:255 - oldGeneratedFile, D:\STM\CMSIS\Tasks_lab\Core\Inc\FreeRTOSConfig.h_save
2024-03-06 00:59:25,777 [INFO] CodeEngine:279 - Generated code: D:\STM\CMSIS\Tasks_lab\Core\Inc\FreeRTOSConfig.h
2024-03-06 00:59:25,780 [INFO] CodeEngine:255 - oldGeneratedFile, D:\STM\CMSIS\Tasks_lab\Core\Src\freertos.c_save
2024-03-06 00:59:25,839 [INFO] CodeEngine:279 - Generated code: D:\STM\CMSIS\Tasks_lab\Core\Src\freertos.c
2024-03-06 00:59:25,882 [INFO] CodeEngine:255 - oldGeneratedFile, D:\STM\CMSIS\Tasks_lab\Core\Src\stm32l4xx_it.c_save
2024-03-06 00:59:26,192 [INFO] CodeEngine:279 - Generated code: D:\STM\CMSIS\Tasks_lab\Core\Src\stm32l4xx_it.c
2024-03-06 00:59:26,212 [INFO] CodeEngine:255 - oldGeneratedFile, D:\STM\CMSIS\Tasks_lab\Core\Inc\stm32l4xx_it.h_save
2024-03-06 00:59:26,296 [INFO] CodeEngine:279 - Generated code: D:\STM\CMSIS\Tasks_lab\Core\Inc\stm32l4xx_it.h
2024-03-06 00:59:26,432 [INFO] CodeEngine:255 - oldGeneratedFile, D:\STM\CMSIS\Tasks_lab\Core\Src\stm32l4xx_hal_msp.c_save
2024-03-06 00:59:26,690 [INFO] CodeEngine:279 - Generated code: D:\STM\CMSIS\Tasks_lab\Core\Src\stm32l4xx_hal_msp.c
2024-03-06 00:59:26,701 [INFO] CodeEngine:255 - oldGeneratedFile, D:\STM\CMSIS\Tasks_lab\MXTmpFiles\system.tmp_save
2024-03-06 00:59:26,795 [INFO] CodeEngine:279 - Generated code: D:\STM\CMSIS\Tasks_lab\MXTmpFiles\system.tmp
2024-03-06 00:59:26,817 [INFO] CodeEngine:255 - oldGeneratedFile, D:\STM\CMSIS\Tasks_lab\Core\Src\stm32l4xx_hal_timebase_tim.c_save
2024-03-06 00:59:27,023 [INFO] CodeEngine:279 - Generated code: D:\STM\CMSIS\Tasks_lab\Core\Src\stm32l4xx_hal_timebase_tim.c
2024-03-06 00:59:27,077 [INFO] CodeEngine:311 - oldGeneratedFile, D:\STM\CMSIS\Tasks_lab\Core\Inc\stm32l4xx_hal_conf.h_save
2024-03-06 00:59:27,183 [INFO] CodeEngine:335 - Generated code: D:\STM\CMSIS\Tasks_lab\Core\Inc\stm32l4xx_hal_conf.h
2024-03-06 00:59:27,240 [INFO] CodeEngine:255 - oldGeneratedFile, D:\STM\CMSIS\Tasks_lab\Core\Inc\main.h_save
2024-03-06 00:59:27,459 [INFO] CodeEngine:279 - Generated code: D:\STM\CMSIS\Tasks_lab\Core\Inc\main.h
2024-03-06 00:59:27,481 [INFO] CodeEngine:255 - oldGeneratedFile, D:\STM\CMSIS\Tasks_lab\Core\Src\main.c_save
2024-03-06 00:59:27,642 [INFO] CodeEngine:279 - Generated code: D:\STM\CMSIS\Tasks_lab\Core\Src\main.c
2024-03-06 00:59:28,840 [INFO] ProjectBuilder:3076 - Time for Copy HAL[1] : 549mS.
2024-03-06 00:59:28,855 [INFO] ProjectBuilder:4485 - Project Generator version: 4.2.0-B44
2024-03-06 00:59:29,247 [INFO] ConfigFileManager:1495 - The Die is : DIE415
2024-03-06 00:59:29,302 [INFO] ApiDbMcu:508 - Load IP Config File for FATFS
2024-03-06 00:59:29,376 [INFO] ApiDbMcu:508 - Load IP Config File for TOUCHSENSING
2024-03-06 00:59:29,403 [INFO] ApiDbMcu:508 - Load IP Config File for USB_DEVICE
2024-03-06 00:59:29,418 [INFO] ApiDbMcu:508 - Load IP Config File for USB_HOST
2024-03-06 00:59:51,304 [INFO] ProjectBuilder:4747 - Time for Generating toolchain IDE Files: 22449mS.
2024-03-06 00:59:51,305 [INFO] ProjectBuilder:2947 - Time for Copy CMSIS : 1mS.
2024-03-06 00:59:51,313 [INFO] ProjectBuilder:2947 - Time for Copy CMSIS : 0mS.
2024-03-06 00:59:53,561 [INFO] McuFinderGlobals:76 - Set McuFinderConnectedMode to true
2024-03-06 00:59:53,744 [ERROR] ApiDb:450 - Cannot create file: C:\Users\hahuy/.stm32cubeide/favorites.mcus.txt
2024-03-06 00:59:53,744 [INFO] ApiDb:452 - User favorites MCUs=[]
2024-03-06 01:00:24,865 [ERROR] RtosPanel:558 - Can not restore the selected Tab for FREERTOS(A reason can be that the tab is no more available.)
2024-03-06 01:01:10,652 [INFO] WebApp:354 - JxBrowser engine has been closed 
